DEBUG:asyncio:Using proactor: IocpProactor
INFO:aiogram.dispatcher:Start polling
INFO:aiogram.dispatcher:Run polling for bot @vsptest_bot id=6994528597 - 'Тестовий Бот ВСП "Павлоградський фаховий коледж НТУ "ДП"'
INFO:aiogram.event:Update id=922586434 is handled. Duration 375 ms by bot id=6994528597
INFO:aiogram.event:Update id=922586435 is handled. Duration 282 ms by bot id=6994528597
INFO:aiogram.event:Update id=922586436 is not handled. Duration 0 ms by bot id=6994528597
ERROR:aiogram.event:Cause exception while process update id=922586436 by bot id=6994528597
AttributeError: 'str' object has no attribute 'startwith'
Traceback (most recent call last):
  File "D:\programming\botvspcollege\.venv\Lib\site-packages\aiogram\dispatcher\dispatcher.py", line 309, in _process_update
    response = await self.feed_update(bot, update, **kwargs)
               ^^^^^^^^^^^^^^^^^^^^^^^^^^^^^^^^^^^^^^^^^^^^^
  File "D:\programming\botvspcollege\.venv\Lib\site-packages\aiogram\dispatcher\dispatcher.py", line 158, in feed_update
    response = await self.update.wrap_outer_middleware(
               ^^^^^^^^^^^^^^^^^^^^^^^^^^^^^^^^^^^^^^^^
  File "D:\programming\botvspcollege\.venv\Lib\site-packages\aiogram\dispatcher\middlewares\error.py", line 25, in __call__
    return await handler(event, data)
           ^^^^^^^^^^^^^^^^^^^^^^^^^^
  File "D:\programming\botvspcollege\.venv\Lib\site-packages\aiogram\dispatcher\middlewares\user_context.py", line 27, in __call__
    return await handler(event, data)
           ^^^^^^^^^^^^^^^^^^^^^^^^^^
  File "D:\programming\botvspcollege\.venv\Lib\site-packages\aiogram\fsm\middleware.py", line 41, in __call__
    return await handler(event, data)
           ^^^^^^^^^^^^^^^^^^^^^^^^^^
  File "D:\programming\botvspcollege\.venv\Lib\site-packages\aiogram\dispatcher\event\telegram.py", line 121, in trigger
    return await wrapped_inner(event, kwargs)
           ^^^^^^^^^^^^^^^^^^^^^^^^^^^^^^^^^^
  File "D:\programming\botvspcollege\.venv\Lib\site-packages\aiogram\dispatcher\event\handler.py", line 43, in call
    return await wrapped()
           ^^^^^^^^^^^^^^^
  File "D:\programming\botvspcollege\.venv\Lib\site-packages\aiogram\dispatcher\dispatcher.py", line 276, in _listen_update
    return await self.propagate_event(update_type=update_type, event=event, **kwargs)
           ^^^^^^^^^^^^^^^^^^^^^^^^^^^^^^^^^^^^^^^^^^^^^^^^^^^^^^^^^^^^^^^^^^^^^^^^^^
  File "D:\programming\botvspcollege\.venv\Lib\site-packages\aiogram\dispatcher\router.py", line 128, in propagate_event
    return await observer.wrap_outer_middleware(_wrapped, event=event, data=kwargs)
           ^^^^^^^^^^^^^^^^^^^^^^^^^^^^^^^^^^^^^^^^^^^^^^^^^^^^^^^^^^^^^^^^^^^^^^^^
  File "D:\programming\botvspcollege\.venv\Lib\site-packages\aiogram\dispatcher\router.py", line 123, in _wrapped
    return await self._propagate_event(
           ^^^^^^^^^^^^^^^^^^^^^^^^^^^^
  File "D:\programming\botvspcollege\.venv\Lib\site-packages\aiogram\dispatcher\router.py", line 156, in _propagate_event
    response = await router.propagate_event(update_type=update_type, event=event, **kwargs)
               ^^^^^^^^^^^^^^^^^^^^^^^^^^^^^^^^^^^^^^^^^^^^^^^^^^^^^^^^^^^^^^^^^^^^^^^^^^^^
  File "D:\programming\botvspcollege\.venv\Lib\site-packages\aiogram\dispatcher\router.py", line 128, in propagate_event
    return await observer.wrap_outer_middleware(_wrapped, event=event, data=kwargs)
           ^^^^^^^^^^^^^^^^^^^^^^^^^^^^^^^^^^^^^^^^^^^^^^^^^^^^^^^^^^^^^^^^^^^^^^^^
  File "D:\programming\botvspcollege\.venv\Lib\site-packages\aiogram\dispatcher\router.py", line 123, in _wrapped
    return await self._propagate_event(
           ^^^^^^^^^^^^^^^^^^^^^^^^^^^^
  File "D:\programming\botvspcollege\.venv\Lib\site-packages\aiogram\dispatcher\router.py", line 148, in _propagate_event
    response = await observer.trigger(event, **kwargs)
               ^^^^^^^^^^^^^^^^^^^^^^^^^^^^^^^^^^^^^^^
  File "D:\programming\botvspcollege\.venv\Lib\site-packages\aiogram\dispatcher\event\telegram.py", line 113, in trigger
    result, data = await handler.check(event, **kwargs)
                   ^^^^^^^^^^^^^^^^^^^^^^^^^^^^^^^^^^^^
  File "D:\programming\botvspcollege\.venv\Lib\site-packages\aiogram\dispatcher\event\handler.py", line 94, in check
    check = await event_filter.call(*args, **kwargs)
            ^^^^^^^^^^^^^^^^^^^^^^^^^^^^^^^^^^^^^^^^
  File "D:\programming\botvspcollege\.venv\Lib\site-packages\aiogram\dispatcher\event\handler.py", line 48, in call
    return await loop.run_in_executor(None, wrapped)
           ^^^^^^^^^^^^^^^^^^^^^^^^^^^^^^^^^^^^^^^^^
  File "C:\Users\alexp\AppData\Local\Programs\Python\Python312\Lib\concurrent\futures\thread.py", line 58, in run
    result = self.fn(*self.args, **self.kwargs)
             ^^^^^^^^^^^^^^^^^^^^^^^^^^^^^^^^^^
  File "D:\programming\botvspcollege\handlers\help.py", line 52, in <lambda>
    @router.callback_query(lambda call: call.data.startwith("acceptquestion"))
                                        ^^^^^^^^^^^^^^^^^^^
AttributeError: 'str' object has no attribute 'startwith'. Did you mean: 'startswith'?
INFO:aiogram.dispatcher:Polling stopped
INFO:aiogram.dispatcher:Polling stopped for bot @vsptest_bot id=6994528597 - 'Тестовий Бот ВСП "Павлоградський фаховий коледж НТУ "ДП"'
ERROR:asyncio:Unclosed client session
client_session: <aiohttp.client.ClientSession object at 0x0000027D4A969070>
DEBUG:asyncio:Using proactor: IocpProactor
INFO:aiogram.dispatcher:Start polling
INFO:aiogram.dispatcher:Run polling for bot @vsptest_bot id=6994528597 - 'Тестовий Бот ВСП "Павлоградський фаховий коледж НТУ "ДП"'
INFO:aiogram.event:Update id=922586437 is handled. Duration 311 ms by bot id=6994528597
INFO:aiogram.event:Update id=922586438 is handled. Duration 407 ms by bot id=6994528597
INFO:aiogram.event:Update id=922586439 is handled. Duration 0 ms by bot id=6994528597
INFO:aiogram.dispatcher:Polling stopped
INFO:aiogram.dispatcher:Polling stopped for bot @vsptest_bot id=6994528597 - 'Тестовий Бот ВСП "Павлоградський фаховий коледж НТУ "ДП"'
ERROR:asyncio:Unclosed client session
client_session: <aiohttp.client.ClientSession object at 0x0000026891F098E0>
DEBUG:asyncio:Using proactor: IocpProactor
INFO:aiogram.dispatcher:Start polling
INFO:aiogram.dispatcher:Run polling for bot @vsptest_bot id=6994528597 - 'Тестовий Бот ВСП "Павлоградський фаховий коледж НТУ "ДП"'
INFO:aiogram.event:Update id=922586440 is handled. Duration 250 ms by bot id=6994528597
INFO:aiogram.event:Update id=922586441 is handled. Duration 297 ms by bot id=6994528597
INFO:aiogram.event:Update id=922586442 is handled. Duration 0 ms by bot id=6994528597
INFO:aiogram.dispatcher:Polling stopped
INFO:aiogram.dispatcher:Polling stopped for bot @vsptest_bot id=6994528597 - 'Тестовий Бот ВСП "Павлоградський фаховий коледж НТУ "ДП"'
ERROR:asyncio:Unclosed client session
client_session: <aiohttp.client.ClientSession object at 0x000001B36809A570>
DEBUG:asyncio:Using proactor: IocpProactor
INFO:aiogram.dispatcher:Start polling
INFO:aiogram.dispatcher:Run polling for bot @vsptest_bot id=6994528597 - 'Тестовий Бот ВСП "Павлоградський фаховий коледж НТУ "ДП"'
INFO:aiogram.event:Update id=922586443 is handled. Duration 250 ms by bot id=6994528597
INFO:aiogram.event:Update id=922586444 is handled. Duration 297 ms by bot id=6994528597
INFO:aiogram.event:Update id=922586445 is handled. Duration 15 ms by bot id=6994528597
INFO:aiogram.dispatcher:Polling stopped
INFO:aiogram.dispatcher:Polling stopped for bot @vsptest_bot id=6994528597 - 'Тестовий Бот ВСП "Павлоградський фаховий коледж НТУ "ДП"'
ERROR:asyncio:Unclosed client session
client_session: <aiohttp.client.ClientSession object at 0x000002DEFF59A840>
DEBUG:asyncio:Using proactor: IocpProactor
INFO:aiogram.dispatcher:Start polling
INFO:aiogram.dispatcher:Run polling for bot @vsptest_bot id=6994528597 - 'Тестовий Бот ВСП "Павлоградський фаховий коледж НТУ "ДП"'
INFO:aiogram.event:Update id=922586446 is handled. Duration 297 ms by bot id=6994528597
INFO:aiogram.event:Update id=922586447 is handled. Duration 94 ms by bot id=6994528597
INFO:aiogram.event:Update id=922586448 is handled. Duration 265 ms by bot id=6994528597
INFO:aiogram.event:Update id=922586449 is not handled. Duration 0 ms by bot id=6994528597
ERROR:aiogram.event:Cause exception while process update id=922586449 by bot id=6994528597
OperationalError: no such column: answer
Traceback (most recent call last):
  File "D:\programming\botvspcollege\.venv\Lib\site-packages\aiogram\dispatcher\dispatcher.py", line 309, in _process_update
    response = await self.feed_update(bot, update, **kwargs)
               ^^^^^^^^^^^^^^^^^^^^^^^^^^^^^^^^^^^^^^^^^^^^^
  File "D:\programming\botvspcollege\.venv\Lib\site-packages\aiogram\dispatcher\dispatcher.py", line 158, in feed_update
    response = await self.update.wrap_outer_middleware(
               ^^^^^^^^^^^^^^^^^^^^^^^^^^^^^^^^^^^^^^^^
  File "D:\programming\botvspcollege\.venv\Lib\site-packages\aiogram\dispatcher\middlewares\error.py", line 25, in __call__
    return await handler(event, data)
           ^^^^^^^^^^^^^^^^^^^^^^^^^^
  File "D:\programming\botvspcollege\.venv\Lib\site-packages\aiogram\dispatcher\middlewares\user_context.py", line 27, in __call__
    return await handler(event, data)
           ^^^^^^^^^^^^^^^^^^^^^^^^^^
  File "D:\programming\botvspcollege\.venv\Lib\site-packages\aiogram\fsm\middleware.py", line 41, in __call__
    return await handler(event, data)
           ^^^^^^^^^^^^^^^^^^^^^^^^^^
  File "D:\programming\botvspcollege\.venv\Lib\site-packages\aiogram\dispatcher\event\telegram.py", line 121, in trigger
    return await wrapped_inner(event, kwargs)
           ^^^^^^^^^^^^^^^^^^^^^^^^^^^^^^^^^^
  File "D:\programming\botvspcollege\.venv\Lib\site-packages\aiogram\dispatcher\event\handler.py", line 43, in call
    return await wrapped()
           ^^^^^^^^^^^^^^^
  File "D:\programming\botvspcollege\.venv\Lib\site-packages\aiogram\dispatcher\dispatcher.py", line 276, in _listen_update
    return await self.propagate_event(update_type=update_type, event=event, **kwargs)
           ^^^^^^^^^^^^^^^^^^^^^^^^^^^^^^^^^^^^^^^^^^^^^^^^^^^^^^^^^^^^^^^^^^^^^^^^^^
  File "D:\programming\botvspcollege\.venv\Lib\site-packages\aiogram\dispatcher\router.py", line 128, in propagate_event
    return await observer.wrap_outer_middleware(_wrapped, event=event, data=kwargs)
           ^^^^^^^^^^^^^^^^^^^^^^^^^^^^^^^^^^^^^^^^^^^^^^^^^^^^^^^^^^^^^^^^^^^^^^^^
  File "D:\programming\botvspcollege\.venv\Lib\site-packages\aiogram\dispatcher\router.py", line 123, in _wrapped
    return await self._propagate_event(
           ^^^^^^^^^^^^^^^^^^^^^^^^^^^^
  File "D:\programming\botvspcollege\.venv\Lib\site-packages\aiogram\dispatcher\router.py", line 156, in _propagate_event
    response = await router.propagate_event(update_type=update_type, event=event, **kwargs)
               ^^^^^^^^^^^^^^^^^^^^^^^^^^^^^^^^^^^^^^^^^^^^^^^^^^^^^^^^^^^^^^^^^^^^^^^^^^^^
  File "D:\programming\botvspcollege\.venv\Lib\site-packages\aiogram\dispatcher\router.py", line 128, in propagate_event
    return await observer.wrap_outer_middleware(_wrapped, event=event, data=kwargs)
           ^^^^^^^^^^^^^^^^^^^^^^^^^^^^^^^^^^^^^^^^^^^^^^^^^^^^^^^^^^^^^^^^^^^^^^^^
  File "D:\programming\botvspcollege\.venv\Lib\site-packages\aiogram\dispatcher\router.py", line 123, in _wrapped
    return await self._propagate_event(
           ^^^^^^^^^^^^^^^^^^^^^^^^^^^^
  File "D:\programming\botvspcollege\.venv\Lib\site-packages\aiogram\dispatcher\router.py", line 148, in _propagate_event
    response = await observer.trigger(event, **kwargs)
               ^^^^^^^^^^^^^^^^^^^^^^^^^^^^^^^^^^^^^^^
  File "D:\programming\botvspcollege\.venv\Lib\site-packages\aiogram\dispatcher\event\telegram.py", line 121, in trigger
    return await wrapped_inner(event, kwargs)
           ^^^^^^^^^^^^^^^^^^^^^^^^^^^^^^^^^^
  File "D:\programming\botvspcollege\.venv\Lib\site-packages\aiogram\dispatcher\event\handler.py", line 43, in call
    return await wrapped()
           ^^^^^^^^^^^^^^^
  File "D:\programming\botvspcollege\handlers\help.py", line 55, in acceptQuestion
    if question_db.getStatus(question_id):
       ^^^^^^^^^^^^^^^^^^^^^^^^^^^^^^^^^^
  File "D:\programming\botvspcollege\vspDB\__init__.py", line 53, in getStatus
    return bool(self.cur.execute("SELECT answer FROM questions WHERE question_id=?", (question_id,)).fetchone()[0])
                ^^^^^^^^^^^^^^^^^^^^^^^^^^^^^^^^^^^^^^^^^^^^^^^^^^^^^^^^^^^^^^^^^^^^^^^^^^^^^^^^^^^^
sqlite3.OperationalError: no such column: answer
INFO:aiogram.dispatcher:Polling stopped
INFO:aiogram.dispatcher:Polling stopped for bot @vsptest_bot id=6994528597 - 'Тестовий Бот ВСП "Павлоградський фаховий коледж НТУ "ДП"'
ERROR:asyncio:Unclosed client session
client_session: <aiohttp.client.ClientSession object at 0x00000274CD08AF30>
ERROR:asyncio:Unclosed connector
connections: ['[(<aiohttp.client_proto.ResponseHandler object at 0x00000274CD00FC50>, 876293.39)]']
connector: <aiohttp.connector.TCPConnector object at 0x00000274CD08A990>
DEBUG:asyncio:Using proactor: IocpProactor
INFO:aiogram.dispatcher:Start polling
INFO:aiogram.dispatcher:Run polling for bot @vsptest_bot id=6994528597 - 'Тестовий Бот ВСП "Павлоградський фаховий коледж НТУ "ДП"'
INFO:aiogram.event:Update id=922586450 is handled. Duration 233 ms by bot id=6994528597
INFO:aiogram.event:Update id=922586451 is handled. Duration 250 ms by bot id=6994528597
INFO:aiogram.event:Update id=922586452 is not handled. Duration 0 ms by bot id=6994528597
ERROR:aiogram.event:Cause exception while process update id=922586452 by bot id=6994528597
OperationalError: no such column: answer
Traceback (most recent call last):
  File "D:\programming\botvspcollege\.venv\Lib\site-packages\aiogram\dispatcher\dispatcher.py", line 309, in _process_update
    response = await self.feed_update(bot, update, **kwargs)
               ^^^^^^^^^^^^^^^^^^^^^^^^^^^^^^^^^^^^^^^^^^^^^
  File "D:\programming\botvspcollege\.venv\Lib\site-packages\aiogram\dispatcher\dispatcher.py", line 158, in feed_update
    response = await self.update.wrap_outer_middleware(
               ^^^^^^^^^^^^^^^^^^^^^^^^^^^^^^^^^^^^^^^^
  File "D:\programming\botvspcollege\.venv\Lib\site-packages\aiogram\dispatcher\middlewares\error.py", line 25, in __call__
    return await handler(event, data)
           ^^^^^^^^^^^^^^^^^^^^^^^^^^
  File "D:\programming\botvspcollege\.venv\Lib\site-packages\aiogram\dispatcher\middlewares\user_context.py", line 27, in __call__
    return await handler(event, data)
           ^^^^^^^^^^^^^^^^^^^^^^^^^^
  File "D:\programming\botvspcollege\.venv\Lib\site-packages\aiogram\fsm\middleware.py", line 41, in __call__
    return await handler(event, data)
           ^^^^^^^^^^^^^^^^^^^^^^^^^^
  File "D:\programming\botvspcollege\.venv\Lib\site-packages\aiogram\dispatcher\event\telegram.py", line 121, in trigger
    return await wrapped_inner(event, kwargs)
           ^^^^^^^^^^^^^^^^^^^^^^^^^^^^^^^^^^
  File "D:\programming\botvspcollege\.venv\Lib\site-packages\aiogram\dispatcher\event\handler.py", line 43, in call
    return await wrapped()
           ^^^^^^^^^^^^^^^
  File "D:\programming\botvspcollege\.venv\Lib\site-packages\aiogram\dispatcher\dispatcher.py", line 276, in _listen_update
    return await self.propagate_event(update_type=update_type, event=event, **kwargs)
           ^^^^^^^^^^^^^^^^^^^^^^^^^^^^^^^^^^^^^^^^^^^^^^^^^^^^^^^^^^^^^^^^^^^^^^^^^^
  File "D:\programming\botvspcollege\.venv\Lib\site-packages\aiogram\dispatcher\router.py", line 128, in propagate_event
    return await observer.wrap_outer_middleware(_wrapped, event=event, data=kwargs)
           ^^^^^^^^^^^^^^^^^^^^^^^^^^^^^^^^^^^^^^^^^^^^^^^^^^^^^^^^^^^^^^^^^^^^^^^^
  File "D:\programming\botvspcollege\.venv\Lib\site-packages\aiogram\dispatcher\router.py", line 123, in _wrapped
    return await self._propagate_event(
           ^^^^^^^^^^^^^^^^^^^^^^^^^^^^
  File "D:\programming\botvspcollege\.venv\Lib\site-packages\aiogram\dispatcher\router.py", line 156, in _propagate_event
    response = await router.propagate_event(update_type=update_type, event=event, **kwargs)
               ^^^^^^^^^^^^^^^^^^^^^^^^^^^^^^^^^^^^^^^^^^^^^^^^^^^^^^^^^^^^^^^^^^^^^^^^^^^^
  File "D:\programming\botvspcollege\.venv\Lib\site-packages\aiogram\dispatcher\router.py", line 128, in propagate_event
    return await observer.wrap_outer_middleware(_wrapped, event=event, data=kwargs)
           ^^^^^^^^^^^^^^^^^^^^^^^^^^^^^^^^^^^^^^^^^^^^^^^^^^^^^^^^^^^^^^^^^^^^^^^^
  File "D:\programming\botvspcollege\.venv\Lib\site-packages\aiogram\dispatcher\router.py", line 123, in _wrapped
    return await self._propagate_event(
           ^^^^^^^^^^^^^^^^^^^^^^^^^^^^
  File "D:\programming\botvspcollege\.venv\Lib\site-packages\aiogram\dispatcher\router.py", line 148, in _propagate_event
    response = await observer.trigger(event, **kwargs)
               ^^^^^^^^^^^^^^^^^^^^^^^^^^^^^^^^^^^^^^^
  File "D:\programming\botvspcollege\.venv\Lib\site-packages\aiogram\dispatcher\event\telegram.py", line 121, in trigger
    return await wrapped_inner(event, kwargs)
           ^^^^^^^^^^^^^^^^^^^^^^^^^^^^^^^^^^
  File "D:\programming\botvspcollege\.venv\Lib\site-packages\aiogram\dispatcher\event\handler.py", line 43, in call
    return await wrapped()
           ^^^^^^^^^^^^^^^
  File "D:\programming\botvspcollege\handlers\help.py", line 55, in acceptQuestion
    if not question_db.getStatus(question_id):
           ^^^^^^^^^^^^^^^^^^^^^^^^^^^^^^^^^^
  File "D:\programming\botvspcollege\vspDB\__init__.py", line 53, in getStatus
    return bool(self.cur.execute("SELECT answer FROM questions WHERE question_id=?", (question_id,)).fetchone()[0])
                ^^^^^^^^^^^^^^^^^^^^^^^^^^^^^^^^^^^^^^^^^^^^^^^^^^^^^^^^^^^^^^^^^^^^^^^^^^^^^^^^^^^^
sqlite3.OperationalError: no such column: answer
INFO:aiogram.dispatcher:Polling stopped
INFO:aiogram.dispatcher:Polling stopped for bot @vsptest_bot id=6994528597 - 'Тестовий Бот ВСП "Павлоградський фаховий коледж НТУ "ДП"'
ERROR:asyncio:Unclosed client session
client_session: <aiohttp.client.ClientSession object at 0x000001742B482B70>
DEBUG:asyncio:Using proactor: IocpProactor
INFO:aiogram.dispatcher:Start polling
INFO:aiogram.dispatcher:Run polling for bot @vsptest_bot id=6994528597 - 'Тестовий Бот ВСП "Павлоградський фаховий коледж НТУ "ДП"'
INFO:aiogram.event:Update id=922586453 is handled. Duration 280 ms by bot id=6994528597
INFO:aiogram.event:Update id=922586454 is handled. Duration 327 ms by bot id=6994528597
INFO:aiogram.event:Update id=922586455 is not handled. Duration 0 ms by bot id=6994528597
ERROR:aiogram.event:Cause exception while process update id=922586455 by bot id=6994528597
OperationalError: no such column: answer
Traceback (most recent call last):
  File "D:\programming\botvspcollege\.venv\Lib\site-packages\aiogram\dispatcher\dispatcher.py", line 309, in _process_update
    response = await self.feed_update(bot, update, **kwargs)
               ^^^^^^^^^^^^^^^^^^^^^^^^^^^^^^^^^^^^^^^^^^^^^
  File "D:\programming\botvspcollege\.venv\Lib\site-packages\aiogram\dispatcher\dispatcher.py", line 158, in feed_update
    response = await self.update.wrap_outer_middleware(
               ^^^^^^^^^^^^^^^^^^^^^^^^^^^^^^^^^^^^^^^^
  File "D:\programming\botvspcollege\.venv\Lib\site-packages\aiogram\dispatcher\middlewares\error.py", line 25, in __call__
    return await handler(event, data)
           ^^^^^^^^^^^^^^^^^^^^^^^^^^
  File "D:\programming\botvspcollege\.venv\Lib\site-packages\aiogram\dispatcher\middlewares\user_context.py", line 27, in __call__
    return await handler(event, data)
           ^^^^^^^^^^^^^^^^^^^^^^^^^^
  File "D:\programming\botvspcollege\.venv\Lib\site-packages\aiogram\fsm\middleware.py", line 41, in __call__
    return await handler(event, data)
           ^^^^^^^^^^^^^^^^^^^^^^^^^^
  File "D:\programming\botvspcollege\.venv\Lib\site-packages\aiogram\dispatcher\event\telegram.py", line 121, in trigger
    return await wrapped_inner(event, kwargs)
           ^^^^^^^^^^^^^^^^^^^^^^^^^^^^^^^^^^
  File "D:\programming\botvspcollege\.venv\Lib\site-packages\aiogram\dispatcher\event\handler.py", line 43, in call
    return await wrapped()
           ^^^^^^^^^^^^^^^
  File "D:\programming\botvspcollege\.venv\Lib\site-packages\aiogram\dispatcher\dispatcher.py", line 276, in _listen_update
    return await self.propagate_event(update_type=update_type, event=event, **kwargs)
           ^^^^^^^^^^^^^^^^^^^^^^^^^^^^^^^^^^^^^^^^^^^^^^^^^^^^^^^^^^^^^^^^^^^^^^^^^^
  File "D:\programming\botvspcollege\.venv\Lib\site-packages\aiogram\dispatcher\router.py", line 128, in propagate_event
    return await observer.wrap_outer_middleware(_wrapped, event=event, data=kwargs)
           ^^^^^^^^^^^^^^^^^^^^^^^^^^^^^^^^^^^^^^^^^^^^^^^^^^^^^^^^^^^^^^^^^^^^^^^^
  File "D:\programming\botvspcollege\.venv\Lib\site-packages\aiogram\dispatcher\router.py", line 123, in _wrapped
    return await self._propagate_event(
           ^^^^^^^^^^^^^^^^^^^^^^^^^^^^
  File "D:\programming\botvspcollege\.venv\Lib\site-packages\aiogram\dispatcher\router.py", line 156, in _propagate_event
    response = await router.propagate_event(update_type=update_type, event=event, **kwargs)
               ^^^^^^^^^^^^^^^^^^^^^^^^^^^^^^^^^^^^^^^^^^^^^^^^^^^^^^^^^^^^^^^^^^^^^^^^^^^^
  File "D:\programming\botvspcollege\.venv\Lib\site-packages\aiogram\dispatcher\router.py", line 128, in propagate_event
    return await observer.wrap_outer_middleware(_wrapped, event=event, data=kwargs)
           ^^^^^^^^^^^^^^^^^^^^^^^^^^^^^^^^^^^^^^^^^^^^^^^^^^^^^^^^^^^^^^^^^^^^^^^^
  File "D:\programming\botvspcollege\.venv\Lib\site-packages\aiogram\dispatcher\router.py", line 123, in _wrapped
    return await self._propagate_event(
           ^^^^^^^^^^^^^^^^^^^^^^^^^^^^
  File "D:\programming\botvspcollege\.venv\Lib\site-packages\aiogram\dispatcher\router.py", line 148, in _propagate_event
    response = await observer.trigger(event, **kwargs)
               ^^^^^^^^^^^^^^^^^^^^^^^^^^^^^^^^^^^^^^^
  File "D:\programming\botvspcollege\.venv\Lib\site-packages\aiogram\dispatcher\event\telegram.py", line 121, in trigger
    return await wrapped_inner(event, kwargs)
           ^^^^^^^^^^^^^^^^^^^^^^^^^^^^^^^^^^
  File "D:\programming\botvspcollege\.venv\Lib\site-packages\aiogram\dispatcher\event\handler.py", line 43, in call
    return await wrapped()
           ^^^^^^^^^^^^^^^
  File "D:\programming\botvspcollege\handlers\help.py", line 55, in acceptQuestion
    print(question_db.getStatus(question_id))
          ^^^^^^^^^^^^^^^^^^^^^^^^^^^^^^^^^^
  File "D:\programming\botvspcollege\vspDB\__init__.py", line 53, in getStatus
    return bool(self.cur.execute("SELECT answer FROM questions WHERE question_id=?", (question_id,)).fetchone()[0])
                ^^^^^^^^^^^^^^^^^^^^^^^^^^^^^^^^^^^^^^^^^^^^^^^^^^^^^^^^^^^^^^^^^^^^^^^^^^^^^^^^^^^^
sqlite3.OperationalError: no such column: answer
INFO:aiogram.dispatcher:Polling stopped
INFO:aiogram.dispatcher:Polling stopped for bot @vsptest_bot id=6994528597 - 'Тестовий Бот ВСП "Павлоградський фаховий коледж НТУ "ДП"'
ERROR:asyncio:Unclosed client session
client_session: <aiohttp.client.ClientSession object at 0x000001E463289580>
DEBUG:asyncio:Using proactor: IocpProactor
INFO:aiogram.dispatcher:Start polling
INFO:aiogram.dispatcher:Run polling for bot @vsptest_bot id=6994528597 - 'Тестовий Бот ВСП "Павлоградський фаховий коледж НТУ "ДП"'
INFO:aiogram.event:Update id=922586456 is handled. Duration 312 ms by bot id=6994528597
INFO:aiogram.event:Update id=922586457 is handled. Duration 311 ms by bot id=6994528597
INFO:aiogram.event:Update id=922586458 is handled. Duration 0 ms by bot id=6994528597
INFO:aiogram.dispatcher:Polling stopped
INFO:aiogram.dispatcher:Polling stopped for bot @vsptest_bot id=6994528597 - 'Тестовий Бот ВСП "Павлоградський фаховий коледж НТУ "ДП"'
ERROR:asyncio:Unclosed client session
client_session: <aiohttp.client.ClientSession object at 0x000001B6B07C8E00>
DEBUG:asyncio:Using proactor: IocpProactor
INFO:aiogram.dispatcher:Start polling
INFO:aiogram.dispatcher:Run polling for bot @vsptest_bot id=6994528597 - 'Тестовий Бот ВСП "Павлоградський фаховий коледж НТУ "ДП"'
INFO:aiogram.event:Update id=922586459 is handled. Duration 375 ms by bot id=6994528597
INFO:aiogram.event:Update id=922586460 is handled. Duration 437 ms by bot id=6994528597
INFO:aiogram.event:Update id=922586461 is handled. Duration 0 ms by bot id=6994528597
INFO:aiogram.dispatcher:Polling stopped
INFO:aiogram.dispatcher:Polling stopped for bot @vsptest_bot id=6994528597 - 'Тестовий Бот ВСП "Павлоградський фаховий коледж НТУ "ДП"'
ERROR:asyncio:Unclosed client session
client_session: <aiohttp.client.ClientSession object at 0x0000026EA457A690>
DEBUG:asyncio:Using proactor: IocpProactor
INFO:aiogram.dispatcher:Start polling
INFO:aiogram.dispatcher:Run polling for bot @vsptest_bot id=6994528597 - 'Тестовий Бот ВСП "Павлоградський фаховий коледж НТУ "ДП"'
INFO:aiogram.event:Update id=922586462 is handled. Duration 265 ms by bot id=6994528597
INFO:aiogram.event:Update id=922586463 is handled. Duration 405 ms by bot id=6994528597
INFO:aiogram.event:Update id=922586464 is handled. Duration 0 ms by bot id=6994528597
INFO:aiogram.dispatcher:Polling stopped
INFO:aiogram.dispatcher:Polling stopped for bot @vsptest_bot id=6994528597 - 'Тестовий Бот ВСП "Павлоградський фаховий коледж НТУ "ДП"'
ERROR:asyncio:Unclosed client session
client_session: <aiohttp.client.ClientSession object at 0x000001DB4EC09220>
DEBUG:asyncio:Using proactor: IocpProactor
INFO:aiogram.dispatcher:Start polling
INFO:aiogram.dispatcher:Run polling for bot @vsptest_bot id=6994528597 - 'Тестовий Бот ВСП "Павлоградський фаховий коледж НТУ "ДП"'
INFO:aiogram.event:Update id=922586465 is handled. Duration 359 ms by bot id=6994528597
INFO:aiogram.event:Update id=922586466 is handled. Duration 77 ms by bot id=6994528597
INFO:aiogram.event:Update id=922586467 is handled. Duration 375 ms by bot id=6994528597
INFO:aiogram.event:Update id=922586468 is not handled. Duration 15 ms by bot id=6994528597
ERROR:aiogram.event:Cause exception while process update id=922586468 by bot id=6994528597
IndexError: list index out of range
Traceback (most recent call last):
  File "D:\programming\botvspcollege\.venv\Lib\site-packages\aiogram\dispatcher\dispatcher.py", line 309, in _process_update
    response = await self.feed_update(bot, update, **kwargs)
               ^^^^^^^^^^^^^^^^^^^^^^^^^^^^^^^^^^^^^^^^^^^^^
  File "D:\programming\botvspcollege\.venv\Lib\site-packages\aiogram\dispatcher\dispatcher.py", line 158, in feed_update
    response = await self.update.wrap_outer_middleware(
               ^^^^^^^^^^^^^^^^^^^^^^^^^^^^^^^^^^^^^^^^
  File "D:\programming\botvspcollege\.venv\Lib\site-packages\aiogram\dispatcher\middlewares\error.py", line 25, in __call__
    return await handler(event, data)
           ^^^^^^^^^^^^^^^^^^^^^^^^^^
  File "D:\programming\botvspcollege\.venv\Lib\site-packages\aiogram\dispatcher\middlewares\user_context.py", line 27, in __call__
    return await handler(event, data)
           ^^^^^^^^^^^^^^^^^^^^^^^^^^
  File "D:\programming\botvspcollege\.venv\Lib\site-packages\aiogram\fsm\middleware.py", line 41, in __call__
    return await handler(event, data)
           ^^^^^^^^^^^^^^^^^^^^^^^^^^
  File "D:\programming\botvspcollege\.venv\Lib\site-packages\aiogram\dispatcher\event\telegram.py", line 121, in trigger
    return await wrapped_inner(event, kwargs)
           ^^^^^^^^^^^^^^^^^^^^^^^^^^^^^^^^^^
  File "D:\programming\botvspcollege\.venv\Lib\site-packages\aiogram\dispatcher\event\handler.py", line 43, in call
    return await wrapped()
           ^^^^^^^^^^^^^^^
  File "D:\programming\botvspcollege\.venv\Lib\site-packages\aiogram\dispatcher\dispatcher.py", line 276, in _listen_update
    return await self.propagate_event(update_type=update_type, event=event, **kwargs)
           ^^^^^^^^^^^^^^^^^^^^^^^^^^^^^^^^^^^^^^^^^^^^^^^^^^^^^^^^^^^^^^^^^^^^^^^^^^
  File "D:\programming\botvspcollege\.venv\Lib\site-packages\aiogram\dispatcher\router.py", line 128, in propagate_event
    return await observer.wrap_outer_middleware(_wrapped, event=event, data=kwargs)
           ^^^^^^^^^^^^^^^^^^^^^^^^^^^^^^^^^^^^^^^^^^^^^^^^^^^^^^^^^^^^^^^^^^^^^^^^
  File "D:\programming\botvspcollege\.venv\Lib\site-packages\aiogram\dispatcher\router.py", line 123, in _wrapped
    return await self._propagate_event(
           ^^^^^^^^^^^^^^^^^^^^^^^^^^^^
  File "D:\programming\botvspcollege\.venv\Lib\site-packages\aiogram\dispatcher\router.py", line 156, in _propagate_event
    response = await router.propagate_event(update_type=update_type, event=event, **kwargs)
               ^^^^^^^^^^^^^^^^^^^^^^^^^^^^^^^^^^^^^^^^^^^^^^^^^^^^^^^^^^^^^^^^^^^^^^^^^^^^
  File "D:\programming\botvspcollege\.venv\Lib\site-packages\aiogram\dispatcher\router.py", line 128, in propagate_event
    return await observer.wrap_outer_middleware(_wrapped, event=event, data=kwargs)
           ^^^^^^^^^^^^^^^^^^^^^^^^^^^^^^^^^^^^^^^^^^^^^^^^^^^^^^^^^^^^^^^^^^^^^^^^
  File "D:\programming\botvspcollege\.venv\Lib\site-packages\aiogram\dispatcher\router.py", line 123, in _wrapped
    return await self._propagate_event(
           ^^^^^^^^^^^^^^^^^^^^^^^^^^^^
  File "D:\programming\botvspcollege\.venv\Lib\site-packages\aiogram\dispatcher\router.py", line 148, in _propagate_event
    response = await observer.trigger(event, **kwargs)
               ^^^^^^^^^^^^^^^^^^^^^^^^^^^^^^^^^^^^^^^
  File "D:\programming\botvspcollege\.venv\Lib\site-packages\aiogram\dispatcher\event\telegram.py", line 121, in trigger
    return await wrapped_inner(event, kwargs)
           ^^^^^^^^^^^^^^^^^^^^^^^^^^^^^^^^^^
  File "D:\programming\botvspcollege\.venv\Lib\site-packages\aiogram\dispatcher\event\handler.py", line 43, in call
    return await wrapped()
           ^^^^^^^^^^^^^^^
  File "D:\programming\botvspcollege\handlers\help.py", line 59, in acceptQuestion
    f"\U0001f514 <b>Запитання від користувача <a href='tg://user?id={question[2]}'>{call.message.from_user.first_name}</a></b>\n\n{question[4]}\n\nНапишіть відповідь у текстове поле а потім відправте \U0001f447"
                                                             ~~~~~~~~^^^
IndexError: list index out of range
INFO:aiogram.dispatcher:Polling stopped
INFO:aiogram.dispatcher:Polling stopped for bot @vsptest_bot id=6994528597 - 'Тестовий Бот ВСП "Павлоградський фаховий коледж НТУ "ДП"'
ERROR:asyncio:Unclosed client session
client_session: <aiohttp.client.ClientSession object at 0x000002103DD19850>
DEBUG:asyncio:Using proactor: IocpProactor
INFO:aiogram.dispatcher:Start polling
INFO:aiogram.dispatcher:Run polling for bot @vsptest_bot id=6994528597 - 'Тестовий Бот ВСП "Павлоградський фаховий коледж НТУ "ДП"'
INFO:aiogram.event:Update id=922586469 is handled. Duration 311 ms by bot id=6994528597
INFO:aiogram.event:Update id=922586470 is handled. Duration 405 ms by bot id=6994528597
INFO:aiogram.event:Update id=922586471 is not handled. Duration 0 ms by bot id=6994528597
ERROR:aiogram.event:Cause exception while process update id=922586471 by bot id=6994528597
IndexError: list index out of range
Traceback (most recent call last):
  File "D:\programming\botvspcollege\.venv\Lib\site-packages\aiogram\dispatcher\dispatcher.py", line 309, in _process_update
    response = await self.feed_update(bot, update, **kwargs)
               ^^^^^^^^^^^^^^^^^^^^^^^^^^^^^^^^^^^^^^^^^^^^^
  File "D:\programming\botvspcollege\.venv\Lib\site-packages\aiogram\dispatcher\dispatcher.py", line 158, in feed_update
    response = await self.update.wrap_outer_middleware(
               ^^^^^^^^^^^^^^^^^^^^^^^^^^^^^^^^^^^^^^^^
  File "D:\programming\botvspcollege\.venv\Lib\site-packages\aiogram\dispatcher\middlewares\error.py", line 25, in __call__
    return await handler(event, data)
           ^^^^^^^^^^^^^^^^^^^^^^^^^^
  File "D:\programming\botvspcollege\.venv\Lib\site-packages\aiogram\dispatcher\middlewares\user_context.py", line 27, in __call__
    return await handler(event, data)
           ^^^^^^^^^^^^^^^^^^^^^^^^^^
  File "D:\programming\botvspcollege\.venv\Lib\site-packages\aiogram\fsm\middleware.py", line 41, in __call__
    return await handler(event, data)
           ^^^^^^^^^^^^^^^^^^^^^^^^^^
  File "D:\programming\botvspcollege\.venv\Lib\site-packages\aiogram\dispatcher\event\telegram.py", line 121, in trigger
    return await wrapped_inner(event, kwargs)
           ^^^^^^^^^^^^^^^^^^^^^^^^^^^^^^^^^^
  File "D:\programming\botvspcollege\.venv\Lib\site-packages\aiogram\dispatcher\event\handler.py", line 43, in call
    return await wrapped()
           ^^^^^^^^^^^^^^^
  File "D:\programming\botvspcollege\.venv\Lib\site-packages\aiogram\dispatcher\dispatcher.py", line 276, in _listen_update
    return await self.propagate_event(update_type=update_type, event=event, **kwargs)
           ^^^^^^^^^^^^^^^^^^^^^^^^^^^^^^^^^^^^^^^^^^^^^^^^^^^^^^^^^^^^^^^^^^^^^^^^^^
  File "D:\programming\botvspcollege\.venv\Lib\site-packages\aiogram\dispatcher\router.py", line 128, in propagate_event
    return await observer.wrap_outer_middleware(_wrapped, event=event, data=kwargs)
           ^^^^^^^^^^^^^^^^^^^^^^^^^^^^^^^^^^^^^^^^^^^^^^^^^^^^^^^^^^^^^^^^^^^^^^^^
  File "D:\programming\botvspcollege\.venv\Lib\site-packages\aiogram\dispatcher\router.py", line 123, in _wrapped
    return await self._propagate_event(
           ^^^^^^^^^^^^^^^^^^^^^^^^^^^^
  File "D:\programming\botvspcollege\.venv\Lib\site-packages\aiogram\dispatcher\router.py", line 156, in _propagate_event
    response = await router.propagate_event(update_type=update_type, event=event, **kwargs)
               ^^^^^^^^^^^^^^^^^^^^^^^^^^^^^^^^^^^^^^^^^^^^^^^^^^^^^^^^^^^^^^^^^^^^^^^^^^^^
  File "D:\programming\botvspcollege\.venv\Lib\site-packages\aiogram\dispatcher\router.py", line 128, in propagate_event
    return await observer.wrap_outer_middleware(_wrapped, event=event, data=kwargs)
           ^^^^^^^^^^^^^^^^^^^^^^^^^^^^^^^^^^^^^^^^^^^^^^^^^^^^^^^^^^^^^^^^^^^^^^^^
  File "D:\programming\botvspcollege\.venv\Lib\site-packages\aiogram\dispatcher\router.py", line 123, in _wrapped
    return await self._propagate_event(
           ^^^^^^^^^^^^^^^^^^^^^^^^^^^^
  File "D:\programming\botvspcollege\.venv\Lib\site-packages\aiogram\dispatcher\router.py", line 148, in _propagate_event
    response = await observer.trigger(event, **kwargs)
               ^^^^^^^^^^^^^^^^^^^^^^^^^^^^^^^^^^^^^^^
  File "D:\programming\botvspcollege\.venv\Lib\site-packages\aiogram\dispatcher\event\telegram.py", line 121, in trigger
    return await wrapped_inner(event, kwargs)
           ^^^^^^^^^^^^^^^^^^^^^^^^^^^^^^^^^^
  File "D:\programming\botvspcollege\.venv\Lib\site-packages\aiogram\dispatcher\event\handler.py", line 43, in call
    return await wrapped()
           ^^^^^^^^^^^^^^^
  File "D:\programming\botvspcollege\handlers\help.py", line 59, in acceptQuestion
    f"\U0001f514 <b>Запитання від користувача <a href='tg://user?id={question[2]}'>{call.message.from_user.first_name}</a></b>\n\n{question[4]}\n\nНапишіть відповідь у текстове поле а потім відправте \U0001f447",
                                                             ~~~~~~~~^^^
IndexError: list index out of range
INFO:aiogram.event:Update id=922586472 is handled. Duration 218 ms by bot id=6994528597
INFO:aiogram.event:Update id=922586473 is handled. Duration 452 ms by bot id=6994528597
INFO:aiogram.event:Update id=922586474 is not handled. Duration 16 ms by bot id=6994528597
ERROR:aiogram.event:Cause exception while process update id=922586474 by bot id=6994528597
IndexError: list index out of range
Traceback (most recent call last):
  File "D:\programming\botvspcollege\.venv\Lib\site-packages\aiogram\dispatcher\dispatcher.py", line 309, in _process_update
    response = await self.feed_update(bot, update, **kwargs)
               ^^^^^^^^^^^^^^^^^^^^^^^^^^^^^^^^^^^^^^^^^^^^^
  File "D:\programming\botvspcollege\.venv\Lib\site-packages\aiogram\dispatcher\dispatcher.py", line 158, in feed_update
    response = await self.update.wrap_outer_middleware(
               ^^^^^^^^^^^^^^^^^^^^^^^^^^^^^^^^^^^^^^^^
  File "D:\programming\botvspcollege\.venv\Lib\site-packages\aiogram\dispatcher\middlewares\error.py", line 25, in __call__
    return await handler(event, data)
           ^^^^^^^^^^^^^^^^^^^^^^^^^^
  File "D:\programming\botvspcollege\.venv\Lib\site-packages\aiogram\dispatcher\middlewares\user_context.py", line 27, in __call__
    return await handler(event, data)
           ^^^^^^^^^^^^^^^^^^^^^^^^^^
  File "D:\programming\botvspcollege\.venv\Lib\site-packages\aiogram\fsm\middleware.py", line 41, in __call__
    return await handler(event, data)
           ^^^^^^^^^^^^^^^^^^^^^^^^^^
  File "D:\programming\botvspcollege\.venv\Lib\site-packages\aiogram\dispatcher\event\telegram.py", line 121, in trigger
    return await wrapped_inner(event, kwargs)
           ^^^^^^^^^^^^^^^^^^^^^^^^^^^^^^^^^^
  File "D:\programming\botvspcollege\.venv\Lib\site-packages\aiogram\dispatcher\event\handler.py", line 43, in call
    return await wrapped()
           ^^^^^^^^^^^^^^^
  File "D:\programming\botvspcollege\.venv\Lib\site-packages\aiogram\dispatcher\dispatcher.py", line 276, in _listen_update
    return await self.propagate_event(update_type=update_type, event=event, **kwargs)
           ^^^^^^^^^^^^^^^^^^^^^^^^^^^^^^^^^^^^^^^^^^^^^^^^^^^^^^^^^^^^^^^^^^^^^^^^^^
  File "D:\programming\botvspcollege\.venv\Lib\site-packages\aiogram\dispatcher\router.py", line 128, in propagate_event
    return await observer.wrap_outer_middleware(_wrapped, event=event, data=kwargs)
           ^^^^^^^^^^^^^^^^^^^^^^^^^^^^^^^^^^^^^^^^^^^^^^^^^^^^^^^^^^^^^^^^^^^^^^^^
  File "D:\programming\botvspcollege\.venv\Lib\site-packages\aiogram\dispatcher\router.py", line 123, in _wrapped
    return await self._propagate_event(
           ^^^^^^^^^^^^^^^^^^^^^^^^^^^^
  File "D:\programming\botvspcollege\.venv\Lib\site-packages\aiogram\dispatcher\router.py", line 156, in _propagate_event
    response = await router.propagate_event(update_type=update_type, event=event, **kwargs)
               ^^^^^^^^^^^^^^^^^^^^^^^^^^^^^^^^^^^^^^^^^^^^^^^^^^^^^^^^^^^^^^^^^^^^^^^^^^^^
  File "D:\programming\botvspcollege\.venv\Lib\site-packages\aiogram\dispatcher\router.py", line 128, in propagate_event
    return await observer.wrap_outer_middleware(_wrapped, event=event, data=kwargs)
           ^^^^^^^^^^^^^^^^^^^^^^^^^^^^^^^^^^^^^^^^^^^^^^^^^^^^^^^^^^^^^^^^^^^^^^^^
  File "D:\programming\botvspcollege\.venv\Lib\site-packages\aiogram\dispatcher\router.py", line 123, in _wrapped
    return await self._propagate_event(
           ^^^^^^^^^^^^^^^^^^^^^^^^^^^^
  File "D:\programming\botvspcollege\.venv\Lib\site-packages\aiogram\dispatcher\router.py", line 148, in _propagate_event
    response = await observer.trigger(event, **kwargs)
               ^^^^^^^^^^^^^^^^^^^^^^^^^^^^^^^^^^^^^^^
  File "D:\programming\botvspcollege\.venv\Lib\site-packages\aiogram\dispatcher\event\telegram.py", line 121, in trigger
    return await wrapped_inner(event, kwargs)
           ^^^^^^^^^^^^^^^^^^^^^^^^^^^^^^^^^^
  File "D:\programming\botvspcollege\.venv\Lib\site-packages\aiogram\dispatcher\event\handler.py", line 43, in call
    return await wrapped()
           ^^^^^^^^^^^^^^^
  File "D:\programming\botvspcollege\handlers\help.py", line 59, in acceptQuestion
    f"\U0001f514 <b>Запитання від користувача <a href='tg://user?id={question[2]}'>{call.message.from_user.first_name}</a></b>\n\n{question[4]}\n\nНапишіть відповідь у текстове поле а потім відправте \U0001f447",
                                                             ~~~~~~~~^^^
IndexError: list index out of range
INFO:aiogram.event:Update id=922586475 is not handled. Duration 15 ms by bot id=6994528597
INFO:aiogram.dispatcher:Polling stopped
INFO:aiogram.dispatcher:Polling stopped for bot @vsptest_bot id=6994528597 - 'Тестовий Бот ВСП "Павлоградський фаховий коледж НТУ "ДП"'
ERROR:asyncio:Unclosed client session
client_session: <aiohttp.client.ClientSession object at 0x000001AF6913F7D0>
DEBUG:asyncio:Using proactor: IocpProactor
INFO:aiogram.dispatcher:Start polling
INFO:aiogram.dispatcher:Run polling for bot @vsptest_bot id=6994528597 - 'Тестовий Бот ВСП "Павлоградський фаховий коледж НТУ "ДП"'
INFO:aiogram.event:Update id=922586476 is handled. Duration 234 ms by bot id=6994528597
INFO:aiogram.event:Update id=922586477 is handled. Duration 655 ms by bot id=6994528597
INFO:aiogram.event:Update id=922586478 is not handled. Duration 16 ms by bot id=6994528597
ERROR:aiogram.event:Cause exception while process update id=922586478 by bot id=6994528597
IndexError: list index out of range
Traceback (most recent call last):
  File "D:\programming\botvspcollege\.venv\Lib\site-packages\aiogram\dispatcher\dispatcher.py", line 309, in _process_update
    response = await self.feed_update(bot, update, **kwargs)
               ^^^^^^^^^^^^^^^^^^^^^^^^^^^^^^^^^^^^^^^^^^^^^
  File "D:\programming\botvspcollege\.venv\Lib\site-packages\aiogram\dispatcher\dispatcher.py", line 158, in feed_update
    response = await self.update.wrap_outer_middleware(
               ^^^^^^^^^^^^^^^^^^^^^^^^^^^^^^^^^^^^^^^^
  File "D:\programming\botvspcollege\.venv\Lib\site-packages\aiogram\dispatcher\middlewares\error.py", line 25, in __call__
    return await handler(event, data)
           ^^^^^^^^^^^^^^^^^^^^^^^^^^
  File "D:\programming\botvspcollege\.venv\Lib\site-packages\aiogram\dispatcher\middlewares\user_context.py", line 27, in __call__
    return await handler(event, data)
           ^^^^^^^^^^^^^^^^^^^^^^^^^^
  File "D:\programming\botvspcollege\.venv\Lib\site-packages\aiogram\fsm\middleware.py", line 41, in __call__
    return await handler(event, data)
           ^^^^^^^^^^^^^^^^^^^^^^^^^^
  File "D:\programming\botvspcollege\.venv\Lib\site-packages\aiogram\dispatcher\event\telegram.py", line 121, in trigger
    return await wrapped_inner(event, kwargs)
           ^^^^^^^^^^^^^^^^^^^^^^^^^^^^^^^^^^
  File "D:\programming\botvspcollege\.venv\Lib\site-packages\aiogram\dispatcher\event\handler.py", line 43, in call
    return await wrapped()
           ^^^^^^^^^^^^^^^
  File "D:\programming\botvspcollege\.venv\Lib\site-packages\aiogram\dispatcher\dispatcher.py", line 276, in _listen_update
    return await self.propagate_event(update_type=update_type, event=event, **kwargs)
           ^^^^^^^^^^^^^^^^^^^^^^^^^^^^^^^^^^^^^^^^^^^^^^^^^^^^^^^^^^^^^^^^^^^^^^^^^^
  File "D:\programming\botvspcollege\.venv\Lib\site-packages\aiogram\dispatcher\router.py", line 128, in propagate_event
    return await observer.wrap_outer_middleware(_wrapped, event=event, data=kwargs)
           ^^^^^^^^^^^^^^^^^^^^^^^^^^^^^^^^^^^^^^^^^^^^^^^^^^^^^^^^^^^^^^^^^^^^^^^^
  File "D:\programming\botvspcollege\.venv\Lib\site-packages\aiogram\dispatcher\router.py", line 123, in _wrapped
    return await self._propagate_event(
           ^^^^^^^^^^^^^^^^^^^^^^^^^^^^
  File "D:\programming\botvspcollege\.venv\Lib\site-packages\aiogram\dispatcher\router.py", line 156, in _propagate_event
    response = await router.propagate_event(update_type=update_type, event=event, **kwargs)
               ^^^^^^^^^^^^^^^^^^^^^^^^^^^^^^^^^^^^^^^^^^^^^^^^^^^^^^^^^^^^^^^^^^^^^^^^^^^^
  File "D:\programming\botvspcollege\.venv\Lib\site-packages\aiogram\dispatcher\router.py", line 128, in propagate_event
    return await observer.wrap_outer_middleware(_wrapped, event=event, data=kwargs)
           ^^^^^^^^^^^^^^^^^^^^^^^^^^^^^^^^^^^^^^^^^^^^^^^^^^^^^^^^^^^^^^^^^^^^^^^^
  File "D:\programming\botvspcollege\.venv\Lib\site-packages\aiogram\dispatcher\router.py", line 123, in _wrapped
    return await self._propagate_event(
           ^^^^^^^^^^^^^^^^^^^^^^^^^^^^
  File "D:\programming\botvspcollege\.venv\Lib\site-packages\aiogram\dispatcher\router.py", line 148, in _propagate_event
    response = await observer.trigger(event, **kwargs)
               ^^^^^^^^^^^^^^^^^^^^^^^^^^^^^^^^^^^^^^^
  File "D:\programming\botvspcollege\.venv\Lib\site-packages\aiogram\dispatcher\event\telegram.py", line 121, in trigger
    return await wrapped_inner(event, kwargs)
           ^^^^^^^^^^^^^^^^^^^^^^^^^^^^^^^^^^
  File "D:\programming\botvspcollege\.venv\Lib\site-packages\aiogram\dispatcher\event\handler.py", line 43, in call
    return await wrapped()
           ^^^^^^^^^^^^^^^
  File "D:\programming\botvspcollege\handlers\help.py", line 59, in acceptQuestion
    f"\U0001f514 <b>Запитання від користувача <a href='tg://user?id={question[2]}'>{call.message.from_user.first_name}</a></b>\n\n{question[4]}\n\nНапишіть відповідь у текстове поле а потім відправте \U0001f447",
                                                             ~~~~~~~~^^^
IndexError: list index out of range
INFO:aiogram.dispatcher:Polling stopped
INFO:aiogram.dispatcher:Polling stopped for bot @vsptest_bot id=6994528597 - 'Тестовий Бот ВСП "Павлоградський фаховий коледж НТУ "ДП"'
ERROR:asyncio:Unclosed client session
client_session: <aiohttp.client.ClientSession object at 0x00000236C47EFAD0>
DEBUG:asyncio:Using proactor: IocpProactor
INFO:aiogram.dispatcher:Start polling
INFO:aiogram.dispatcher:Run polling for bot @vsptest_bot id=6994528597 - 'Тестовий Бот ВСП "Павлоградський фаховий коледж НТУ "ДП"'
INFO:aiogram.event:Update id=922586479 is handled. Duration 313 ms by bot id=6994528597
INFO:aiogram.event:Update id=922586480 is handled. Duration 359 ms by bot id=6994528597
INFO:aiogram.event:Update id=922586481 is handled. Duration 15 ms by bot id=6994528597
INFO:aiogram.dispatcher:Polling stopped
INFO:aiogram.dispatcher:Polling stopped for bot @vsptest_bot id=6994528597 - 'Тестовий Бот ВСП "Павлоградський фаховий коледж НТУ "ДП"'
ERROR:asyncio:Unclosed client session
client_session: <aiohttp.client.ClientSession object at 0x0000024E8B4CF7A0>
ERROR:asyncio:Unclosed connector
connections: ['[(<aiohttp.client_proto.ResponseHandler object at 0x0000024E8CDBF830>, 877263.015)]']
connector: <aiohttp.connector.TCPConnector object at 0x0000024E8CE1A180>
DEBUG:asyncio:Using proactor: IocpProactor
INFO:aiogram.dispatcher:Start polling
INFO:aiogram.dispatcher:Run polling for bot @vsptest_bot id=6994528597 - 'Тестовий Бот ВСП "Павлоградський фаховий коледж НТУ "ДП"'
INFO:aiogram.event:Update id=922586482 is handled. Duration 327 ms by bot id=6994528597
INFO:aiogram.event:Update id=922586483 is handled. Duration 77 ms by bot id=6994528597
INFO:aiogram.event:Update id=922586484 is handled. Duration 282 ms by bot id=6994528597
INFO:aiogram.event:Update id=922586485 is not handled. Duration 15 ms by bot id=6994528597
ERROR:aiogram.event:Cause exception while process update id=922586485 by bot id=6994528597
IndexError: list index out of range
Traceback (most recent call last):
  File "D:\programming\botvspcollege\.venv\Lib\site-packages\aiogram\dispatcher\dispatcher.py", line 309, in _process_update
    response = await self.feed_update(bot, update, **kwargs)
               ^^^^^^^^^^^^^^^^^^^^^^^^^^^^^^^^^^^^^^^^^^^^^
  File "D:\programming\botvspcollege\.venv\Lib\site-packages\aiogram\dispatcher\dispatcher.py", line 158, in feed_update
    response = await self.update.wrap_outer_middleware(
               ^^^^^^^^^^^^^^^^^^^^^^^^^^^^^^^^^^^^^^^^
  File "D:\programming\botvspcollege\.venv\Lib\site-packages\aiogram\dispatcher\middlewares\error.py", line 25, in __call__
    return await handler(event, data)
           ^^^^^^^^^^^^^^^^^^^^^^^^^^
  File "D:\programming\botvspcollege\.venv\Lib\site-packages\aiogram\dispatcher\middlewares\user_context.py", line 27, in __call__
    return await handler(event, data)
           ^^^^^^^^^^^^^^^^^^^^^^^^^^
  File "D:\programming\botvspcollege\.venv\Lib\site-packages\aiogram\fsm\middleware.py", line 41, in __call__
    return await handler(event, data)
           ^^^^^^^^^^^^^^^^^^^^^^^^^^
  File "D:\programming\botvspcollege\.venv\Lib\site-packages\aiogram\dispatcher\event\telegram.py", line 121, in trigger
    return await wrapped_inner(event, kwargs)
           ^^^^^^^^^^^^^^^^^^^^^^^^^^^^^^^^^^
  File "D:\programming\botvspcollege\.venv\Lib\site-packages\aiogram\dispatcher\event\handler.py", line 43, in call
    return await wrapped()
           ^^^^^^^^^^^^^^^
  File "D:\programming\botvspcollege\.venv\Lib\site-packages\aiogram\dispatcher\dispatcher.py", line 276, in _listen_update
    return await self.propagate_event(update_type=update_type, event=event, **kwargs)
           ^^^^^^^^^^^^^^^^^^^^^^^^^^^^^^^^^^^^^^^^^^^^^^^^^^^^^^^^^^^^^^^^^^^^^^^^^^
  File "D:\programming\botvspcollege\.venv\Lib\site-packages\aiogram\dispatcher\router.py", line 128, in propagate_event
    return await observer.wrap_outer_middleware(_wrapped, event=event, data=kwargs)
           ^^^^^^^^^^^^^^^^^^^^^^^^^^^^^^^^^^^^^^^^^^^^^^^^^^^^^^^^^^^^^^^^^^^^^^^^
  File "D:\programming\botvspcollege\.venv\Lib\site-packages\aiogram\dispatcher\router.py", line 123, in _wrapped
    return await self._propagate_event(
           ^^^^^^^^^^^^^^^^^^^^^^^^^^^^
  File "D:\programming\botvspcollege\.venv\Lib\site-packages\aiogram\dispatcher\router.py", line 156, in _propagate_event
    response = await router.propagate_event(update_type=update_type, event=event, **kwargs)
               ^^^^^^^^^^^^^^^^^^^^^^^^^^^^^^^^^^^^^^^^^^^^^^^^^^^^^^^^^^^^^^^^^^^^^^^^^^^^
  File "D:\programming\botvspcollege\.venv\Lib\site-packages\aiogram\dispatcher\router.py", line 128, in propagate_event
    return await observer.wrap_outer_middleware(_wrapped, event=event, data=kwargs)
           ^^^^^^^^^^^^^^^^^^^^^^^^^^^^^^^^^^^^^^^^^^^^^^^^^^^^^^^^^^^^^^^^^^^^^^^^
  File "D:\programming\botvspcollege\.venv\Lib\site-packages\aiogram\dispatcher\router.py", line 123, in _wrapped
    return await self._propagate_event(
           ^^^^^^^^^^^^^^^^^^^^^^^^^^^^
  File "D:\programming\botvspcollege\.venv\Lib\site-packages\aiogram\dispatcher\router.py", line 148, in _propagate_event
    response = await observer.trigger(event, **kwargs)
               ^^^^^^^^^^^^^^^^^^^^^^^^^^^^^^^^^^^^^^^
  File "D:\programming\botvspcollege\.venv\Lib\site-packages\aiogram\dispatcher\event\telegram.py", line 121, in trigger
    return await wrapped_inner(event, kwargs)
           ^^^^^^^^^^^^^^^^^^^^^^^^^^^^^^^^^^
  File "D:\programming\botvspcollege\.venv\Lib\site-packages\aiogram\dispatcher\event\handler.py", line 43, in call
    return await wrapped()
           ^^^^^^^^^^^^^^^
  File "D:\programming\botvspcollege\handlers\help.py", line 59, in acceptQuestion
    f"\U0001f514 <b>Запитання від користувача <a href='tg://user?id={question[0][2]}'>{call.message.from_user.first_name}</a></b>\n\n{question[4]}\n\nНапишіть відповідь у текстове поле а потім відправте \U0001f447",
                                                                                                                              ~~~~~~~~^^^
IndexError: list index out of range
INFO:aiogram.dispatcher:Polling stopped
INFO:aiogram.dispatcher:Polling stopped for bot @vsptest_bot id=6994528597 - 'Тестовий Бот ВСП "Павлоградський фаховий коледж НТУ "ДП"'
ERROR:asyncio:Unclosed client session
client_session: <aiohttp.client.ClientSession object at 0x000001AB32678B30>
DEBUG:asyncio:Using proactor: IocpProactor
INFO:aiogram.dispatcher:Start polling
INFO:aiogram.dispatcher:Run polling for bot @vsptest_bot id=6994528597 - 'Тестовий Бот ВСП "Павлоградський фаховий коледж НТУ "ДП"'
INFO:aiogram.event:Update id=922586486 is handled. Duration 438 ms by bot id=6994528597
INFO:aiogram.event:Update id=922586487 is handled. Duration 297 ms by bot id=6994528597
INFO:aiogram.event:Update id=922586488 is handled. Duration 94 ms by bot id=6994528597
INFO:aiogram.dispatcher:Polling stopped
INFO:aiogram.dispatcher:Polling stopped for bot @vsptest_bot id=6994528597 - 'Тестовий Бот ВСП "Павлоградський фаховий коледж НТУ "ДП"'
ERROR:asyncio:Unclosed client session
client_session: <aiohttp.client.ClientSession object at 0x0000022F3683A5D0>
DEBUG:asyncio:Using proactor: IocpProactor
INFO:aiogram.dispatcher:Start polling
INFO:aiogram.dispatcher:Run polling for bot @vsptest_bot id=6994528597 - 'Тестовий Бот ВСП "Павлоградський фаховий коледж НТУ "ДП"'
INFO:aiogram.event:Update id=922586489 is handled. Duration 234 ms by bot id=6994528597
INFO:aiogram.event:Update id=922586490 is handled. Duration 500 ms by bot id=6994528597
INFO:aiogram.event:Update id=922586491 is handled. Duration 77 ms by bot id=6994528597
INFO:aiogram.event:Update id=922586492 is not handled. Duration 0 ms by bot id=6994528597
INFO:aiogram.event:Update id=922586493 is handled. Duration 437 ms by bot id=6994528597
INFO:aiogram.event:Update id=922586494 is handled. Duration 77 ms by bot id=6994528597
INFO:aiogram.event:Update id=922586495 is handled. Duration 282 ms by bot id=6994528597
INFO:aiogram.event:Update id=922586496 is handled. Duration 187 ms by bot id=6994528597
INFO:aiogram.dispatcher:Polling stopped
INFO:aiogram.dispatcher:Polling stopped for bot @vsptest_bot id=6994528597 - 'Тестовий Бот ВСП "Павлоградський фаховий коледж НТУ "ДП"'
ERROR:asyncio:Unclosed client session
client_session: <aiohttp.client.ClientSession object at 0x0000025A51939040>
DEBUG:asyncio:Using proactor: IocpProactor
INFO:aiogram.dispatcher:Start polling
INFO:aiogram.dispatcher:Run polling for bot @vsptest_bot id=6994528597 - 'Тестовий Бот ВСП "Павлоградський фаховий коледж НТУ "ДП"'
INFO:aiogram.event:Update id=922586497 is handled. Duration 250 ms by bot id=6994528597
INFO:aiogram.event:Update id=922586498 is handled. Duration 93 ms by bot id=6994528597
INFO:aiogram.event:Update id=922586499 is handled. Duration 327 ms by bot id=6994528597
INFO:aiogram.event:Update id=922586500 is handled. Duration 172 ms by bot id=6994528597
INFO:aiogram.event:Update id=922586501 is handled. Duration 15 ms by bot id=6994528597
INFO:aiogram.dispatcher:Polling stopped
INFO:aiogram.dispatcher:Polling stopped for bot @vsptest_bot id=6994528597 - 'Тестовий Бот ВСП "Павлоградський фаховий коледж НТУ "ДП"'
ERROR:asyncio:Unclosed client session
client_session: <aiohttp.client.ClientSession object at 0x0000024FA04BAF90>
DEBUG:asyncio:Using proactor: IocpProactor
INFO:aiogram.dispatcher:Start polling
INFO:aiogram.dispatcher:Run polling for bot @vsptest_bot id=6994528597 - 'Тестовий Бот ВСП "Павлоградський фаховий коледж НТУ "ДП"'
INFO:aiogram.event:Update id=922586502 is handled. Duration 250 ms by bot id=6994528597
INFO:aiogram.event:Update id=922586503 is handled. Duration 280 ms by bot id=6994528597
INFO:aiogram.event:Update id=922586504 is handled. Duration 79 ms by bot id=6994528597
INFO:aiogram.event:Update id=922586505 is handled. Duration 0 ms by bot id=6994528597
INFO:aiogram.dispatcher:Polling stopped
INFO:aiogram.dispatcher:Polling stopped for bot @vsptest_bot id=6994528597 - 'Тестовий Бот ВСП "Павлоградський фаховий коледж НТУ "ДП"'
ERROR:asyncio:Unclosed client session
client_session: <aiohttp.client.ClientSession object at 0x000002719E2B6750>
DEBUG:asyncio:Using proactor: IocpProactor
INFO:aiogram.dispatcher:Start polling
INFO:aiogram.dispatcher:Run polling for bot @vsptest_bot id=6994528597 - 'Тестовий Бот ВСП "Павлоградський фаховий коледж НТУ "ДП"'
INFO:aiogram.event:Update id=922586506 is handled. Duration 390 ms by bot id=6994528597
INFO:aiogram.event:Update id=922586507 is handled. Duration 265 ms by bot id=6994528597
INFO:aiogram.event:Update id=922586508 is handled. Duration 125 ms by bot id=6994528597
INFO:aiogram.event:Update id=922586509 is handled. Duration 94 ms by bot id=6994528597
INFO:aiogram.dispatcher:Polling stopped
INFO:aiogram.dispatcher:Polling stopped for bot @vsptest_bot id=6994528597 - 'Тестовий Бот ВСП "Павлоградський фаховий коледж НТУ "ДП"'
ERROR:asyncio:Unclosed client session
client_session: <aiohttp.client.ClientSession object at 0x000002C06CB6A600>
DEBUG:asyncio:Using proactor: IocpProactor
INFO:aiogram.dispatcher:Start polling
INFO:aiogram.dispatcher:Run polling for bot @vsptest_bot id=6994528597 - 'Тестовий Бот ВСП "Павлоградський фаховий коледж НТУ "ДП"'
INFO:aiogram.dispatcher:Polling stopped
INFO:aiogram.dispatcher:Polling stopped for bot @vsptest_bot id=6994528597 - 'Тестовий Бот ВСП "Павлоградський фаховий коледж НТУ "ДП"'
DEBUG:asyncio:Using proactor: IocpProactor
INFO:aiogram.dispatcher:Start polling
INFO:aiogram.dispatcher:Run polling for bot @vsptest_bot id=6994528597 - 'Тестовий Бот ВСП "Павлоградський фаховий коледж НТУ "ДП"'
INFO:aiogram.event:Update id=922586510 is handled. Duration 234 ms by bot id=6994528597
INFO:aiogram.event:Update id=922586511 is handled. Duration 281 ms by bot id=6994528597
INFO:aiogram.event:Update id=922586512 is handled. Duration 109 ms by bot id=6994528597
INFO:aiogram.event:Update id=922586513 is handled. Duration 108 ms by bot id=6994528597
INFO:aiogram.dispatcher:Polling stopped
INFO:aiogram.dispatcher:Polling stopped for bot @vsptest_bot id=6994528597 - 'Тестовий Бот ВСП "Павлоградський фаховий коледж НТУ "ДП"'
ERROR:asyncio:Unclosed client session
client_session: <aiohttp.client.ClientSession object at 0x00000202FFDBA180>
DEBUG:asyncio:Using proactor: IocpProactor
INFO:aiogram.dispatcher:Start polling
INFO:aiogram.dispatcher:Run polling for bot @vsptest_bot id=6994528597 - 'Тестовий Бот ВСП "Павлоградський фаховий коледж НТУ "ДП"'
INFO:aiogram.event:Update id=922586514 is handled. Duration 250 ms by bot id=6994528597
INFO:aiogram.event:Update id=922586515 is handled. Duration 375 ms by bot id=6994528597
INFO:aiogram.event:Update id=922586516 is handled. Duration 125 ms by bot id=6994528597
INFO:aiogram.event:Update id=922586517 is handled. Duration 202 ms by bot id=6994528597
INFO:aiogram.dispatcher:Polling stopped
ERROR:aiogram.dispatcher:Failed to fetch updates - TelegramNetworkError: HTTP Client says - ClientOSError: [Errno 1] [SSL: APPLICATION_DATA_AFTER_CLOSE_NOTIFY] application data after close notify (_ssl.c:2685)
WARNING:aiogram.dispatcher:Sleep for 1.000000 seconds and try again... (tryings = 0, bot id = 6994528597)
INFO:aiogram.dispatcher:Polling stopped for bot @vsptest_bot id=6994528597 - 'Тестовий Бот ВСП "Павлоградський фаховий коледж НТУ "ДП"'
ERROR:asyncio:Unclosed client session
client_session: <aiohttp.client.ClientSession object at 0x000001EBBE006750>
DEBUG:asyncio:Using proactor: IocpProactor
INFO:aiogram.dispatcher:Start polling
INFO:aiogram.dispatcher:Run polling for bot @vsptest_bot id=6994528597 - 'Тестовий Бот ВСП "Павлоградський фаховий коледж НТУ "ДП"'
INFO:aiogram.event:Update id=922586518 is handled. Duration 250 ms by bot id=6994528597
INFO:aiogram.event:Update id=922586519 is handled. Duration 405 ms by bot id=6994528597
INFO:aiogram.event:Update id=922586520 is handled. Duration 140 ms by bot id=6994528597
INFO:aiogram.dispatcher:Polling stopped
INFO:aiogram.dispatcher:Polling stopped for bot @vsptest_bot id=6994528597 - 'Тестовий Бот ВСП "Павлоградський фаховий коледж НТУ "ДП"'
ERROR:asyncio:Unclosed client session
client_session: <aiohttp.client.ClientSession object at 0x000002208C105070>
DEBUG:asyncio:Using proactor: IocpProactor
INFO:aiogram.dispatcher:Start polling
INFO:aiogram.dispatcher:Run polling for bot @vsptest_bot id=6994528597 - 'Тестовий Бот ВСП "Павлоградський фаховий коледж НТУ "ДП"'
INFO:aiogram.event:Update id=922586521 is handled. Duration 234 ms by bot id=6994528597
INFO:aiogram.event:Update id=922586522 is handled. Duration 155 ms by bot id=6994528597
INFO:aiogram.event:Update id=922586523 is handled. Duration 313 ms by bot id=6994528597
INFO:aiogram.event:Update id=922586524 is handled. Duration 172 ms by bot id=6994528597
INFO:aiogram.dispatcher:Polling stopped
INFO:aiogram.dispatcher:Polling stopped for bot @vsptest_bot id=6994528597 - 'Тестовий Бот ВСП "Павлоградський фаховий коледж НТУ "ДП"'
ERROR:asyncio:Unclosed client session
client_session: <aiohttp.client.ClientSession object at 0x000001699B546900>
ERROR:asyncio:Unclosed connector
connections: ['[(<aiohttp.client_proto.ResponseHandler object at 0x000001699B4DF6B0>, 879107.015)]']
connector: <aiohttp.connector.TCPConnector object at 0x000001699B0B3320>
DEBUG:asyncio:Using proactor: IocpProactor
INFO:aiogram.dispatcher:Start polling
INFO:aiogram.dispatcher:Run polling for bot @vsptest_bot id=6994528597 - 'Тестовий Бот ВСП "Павлоградський фаховий коледж НТУ "ДП"'
INFO:aiogram.event:Update id=922586525 is handled. Duration 218 ms by bot id=6994528597
INFO:aiogram.dispatcher:Polling stopped
INFO:aiogram.dispatcher:Polling stopped for bot @vsptest_bot id=6994528597 - 'Тестовий Бот ВСП "Павлоградський фаховий коледж НТУ "ДП"'
DEBUG:asyncio:Using proactor: IocpProactor
INFO:aiogram.dispatcher:Start polling
INFO:aiogram.dispatcher:Run polling for bot @vsptest_bot id=6994528597 - 'Тестовий Бот ВСП "Павлоградський фаховий коледж НТУ "ДП"'
INFO:aiogram.event:Update id=922586526 is handled. Duration 234 ms by bot id=6994528597
INFO:aiogram.event:Update id=922586527 is handled. Duration 92 ms by bot id=6994528597
INFO:aiogram.event:Update id=922586528 is handled. Duration 312 ms by bot id=6994528597
INFO:aiogram.event:Update id=922586529 is handled. Duration 172 ms by bot id=6994528597
INFO:aiogram.event:Update id=922586530 is handled. Duration 171 ms by bot id=6994528597
INFO:aiogram.event:Update id=922586531 is handled. Duration 327 ms by bot id=6994528597
INFO:aiogram.event:Update id=922586532 is handled. Duration 141 ms by bot id=6994528597
INFO:aiogram.event:Update id=922586533 is handled. Duration 204 ms by bot id=6994528597
INFO:aiogram.event:Update id=922586534 is handled. Duration 218 ms by bot id=6994528597
INFO:aiogram.event:Update id=922586535 is handled. Duration 297 ms by bot id=6994528597
INFO:aiogram.event:Update id=922586536 is handled. Duration 172 ms by bot id=6994528597
INFO:aiogram.event:Update id=922586537 is handled. Duration 390 ms by bot id=6994528597
INFO:aiogram.dispatcher:Polling stopped
INFO:aiogram.dispatcher:Polling stopped for bot @vsptest_bot id=6994528597 - 'Тестовий Бот ВСП "Павлоградський фаховий коледж НТУ "ДП"'
ERROR:asyncio:Unclosed client session
client_session: <aiohttp.client.ClientSession object at 0x000002878F626E70>
ERROR:asyncio:Unclosed connector
connections: ['[(<aiohttp.client_proto.ResponseHandler object at 0x000002878F5BF890>, 879262.125)]']
connector: <aiohttp.connector.TCPConnector object at 0x000002878F3F38F0>
