DEBUG:asyncio:Using proactor: IocpProactor
INFO:aiogram.dispatcher:Start polling
INFO:aiogram.dispatcher:Run polling for bot @vsptest_bot id=6994528597 - 'Тестовий Бот ВСП "Павлоградський фаховий коледж НТУ "ДП"'
INFO:aiogram.event:Update id=922586382 is handled. Duration 329 ms by bot id=6994528597
INFO:aiogram.event:Update id=922586383 is handled. Duration 77 ms by bot id=6994528597
INFO:aiogram.event:Update id=922586384 is handled. Duration 77 ms by bot id=6994528597
INFO:aiogram.event:Update id=922586385 is not handled. Duration 0 ms by bot id=6994528597
ERROR:aiogram.event:Cause exception while process update id=922586385 by bot id=6994528597
IntegrityError: UNIQUE constraint failed: questions.questioner_id
Traceback (most recent call last):
  File "D:\programming\botvspcollege\.venv\Lib\site-packages\aiogram\dispatcher\dispatcher.py", line 309, in _process_update
    response = await self.feed_update(bot, update, **kwargs)
               ^^^^^^^^^^^^^^^^^^^^^^^^^^^^^^^^^^^^^^^^^^^^^
  File "D:\programming\botvspcollege\.venv\Lib\site-packages\aiogram\dispatcher\dispatcher.py", line 158, in feed_update
    response = await self.update.wrap_outer_middleware(
               ^^^^^^^^^^^^^^^^^^^^^^^^^^^^^^^^^^^^^^^^
  File "D:\programming\botvspcollege\.venv\Lib\site-packages\aiogram\dispatcher\middlewares\error.py", line 25, in __call__
    return await handler(event, data)
           ^^^^^^^^^^^^^^^^^^^^^^^^^^
  File "D:\programming\botvspcollege\.venv\Lib\site-packages\aiogram\dispatcher\middlewares\user_context.py", line 27, in __call__
    return await handler(event, data)
           ^^^^^^^^^^^^^^^^^^^^^^^^^^
  File "D:\programming\botvspcollege\.venv\Lib\site-packages\aiogram\fsm\middleware.py", line 41, in __call__
    return await handler(event, data)
           ^^^^^^^^^^^^^^^^^^^^^^^^^^
  File "D:\programming\botvspcollege\.venv\Lib\site-packages\aiogram\dispatcher\event\telegram.py", line 121, in trigger
    return await wrapped_inner(event, kwargs)
           ^^^^^^^^^^^^^^^^^^^^^^^^^^^^^^^^^^
  File "D:\programming\botvspcollege\.venv\Lib\site-packages\aiogram\dispatcher\event\handler.py", line 43, in call
    return await wrapped()
           ^^^^^^^^^^^^^^^
  File "D:\programming\botvspcollege\.venv\Lib\site-packages\aiogram\dispatcher\dispatcher.py", line 276, in _listen_update
    return await self.propagate_event(update_type=update_type, event=event, **kwargs)
           ^^^^^^^^^^^^^^^^^^^^^^^^^^^^^^^^^^^^^^^^^^^^^^^^^^^^^^^^^^^^^^^^^^^^^^^^^^
  File "D:\programming\botvspcollege\.venv\Lib\site-packages\aiogram\dispatcher\router.py", line 128, in propagate_event
    return await observer.wrap_outer_middleware(_wrapped, event=event, data=kwargs)
           ^^^^^^^^^^^^^^^^^^^^^^^^^^^^^^^^^^^^^^^^^^^^^^^^^^^^^^^^^^^^^^^^^^^^^^^^
  File "D:\programming\botvspcollege\.venv\Lib\site-packages\aiogram\dispatcher\router.py", line 123, in _wrapped
    return await self._propagate_event(
           ^^^^^^^^^^^^^^^^^^^^^^^^^^^^
  File "D:\programming\botvspcollege\.venv\Lib\site-packages\aiogram\dispatcher\router.py", line 156, in _propagate_event
    response = await router.propagate_event(update_type=update_type, event=event, **kwargs)
               ^^^^^^^^^^^^^^^^^^^^^^^^^^^^^^^^^^^^^^^^^^^^^^^^^^^^^^^^^^^^^^^^^^^^^^^^^^^^
  File "D:\programming\botvspcollege\.venv\Lib\site-packages\aiogram\dispatcher\router.py", line 128, in propagate_event
    return await observer.wrap_outer_middleware(_wrapped, event=event, data=kwargs)
           ^^^^^^^^^^^^^^^^^^^^^^^^^^^^^^^^^^^^^^^^^^^^^^^^^^^^^^^^^^^^^^^^^^^^^^^^
  File "D:\programming\botvspcollege\.venv\Lib\site-packages\aiogram\dispatcher\router.py", line 123, in _wrapped
    return await self._propagate_event(
           ^^^^^^^^^^^^^^^^^^^^^^^^^^^^
  File "D:\programming\botvspcollege\.venv\Lib\site-packages\aiogram\dispatcher\router.py", line 148, in _propagate_event
    response = await observer.trigger(event, **kwargs)
               ^^^^^^^^^^^^^^^^^^^^^^^^^^^^^^^^^^^^^^^
  File "D:\programming\botvspcollege\.venv\Lib\site-packages\aiogram\dispatcher\event\telegram.py", line 121, in trigger
    return await wrapped_inner(event, kwargs)
           ^^^^^^^^^^^^^^^^^^^^^^^^^^^^^^^^^^
  File "D:\programming\botvspcollege\.venv\Lib\site-packages\aiogram\dispatcher\event\handler.py", line 43, in call
    return await wrapped()
           ^^^^^^^^^^^^^^^
  File "D:\programming\botvspcollege\handlers\help.py", line 32, in set_question
    question_db.addQuestion(question_id=quest_id, questioner_id=data['questioner_id'], text=data['text'])
  File "D:\programming\botvspcollege\vspDB\__init__.py", line 43, in addQuestion
    self.cur.execute("INSERT INTO questions (question_id, questioner_id, text) VALUES (?,?,?)", (question_id, questioner_id, text))
sqlite3.IntegrityError: UNIQUE constraint failed: questions.questioner_id
INFO:aiogram.dispatcher:Polling stopped
INFO:aiogram.dispatcher:Polling stopped for bot @vsptest_bot id=6994528597 - 'Тестовий Бот ВСП "Павлоградський фаховий коледж НТУ "ДП"'
DEBUG:asyncio:Using proactor: IocpProactor
INFO:aiogram.dispatcher:Start polling
INFO:aiogram.dispatcher:Run polling for bot @vsptest_bot id=6994528597 - 'Тестовий Бот ВСП "Павлоградський фаховий коледж НТУ "ДП"'
INFO:aiogram.event:Update id=922586386 is handled. Duration 250 ms by bot id=6994528597
INFO:aiogram.event:Update id=922586387 is handled. Duration 141 ms by bot id=6994528597
INFO:aiogram.dispatcher:Polling stopped
INFO:aiogram.dispatcher:Polling stopped for bot @vsptest_bot id=6994528597 - 'Тестовий Бот ВСП "Павлоградський фаховий коледж НТУ "ДП"'
DEBUG:asyncio:Using proactor: IocpProactor
INFO:aiogram.dispatcher:Start polling
INFO:aiogram.dispatcher:Run polling for bot @vsptest_bot id=6994528597 - 'Тестовий Бот ВСП "Павлоградський фаховий коледж НТУ "ДП"'
INFO:aiogram.event:Update id=922586388 is handled. Duration 280 ms by bot id=6994528597
INFO:aiogram.event:Update id=922586389 is handled. Duration 62 ms by bot id=6994528597
INFO:aiogram.event:Update id=922586390 is not handled. Duration 5531 ms by bot id=6994528597
ERROR:aiogram.event:Cause exception while process update id=922586390 by bot id=6994528597
OperationalError: database is locked
Traceback (most recent call last):
  File "D:\programming\botvspcollege\.venv\Lib\site-packages\aiogram\dispatcher\dispatcher.py", line 309, in _process_update
    response = await self.feed_update(bot, update, **kwargs)
               ^^^^^^^^^^^^^^^^^^^^^^^^^^^^^^^^^^^^^^^^^^^^^
  File "D:\programming\botvspcollege\.venv\Lib\site-packages\aiogram\dispatcher\dispatcher.py", line 158, in feed_update
    response = await self.update.wrap_outer_middleware(
               ^^^^^^^^^^^^^^^^^^^^^^^^^^^^^^^^^^^^^^^^
  File "D:\programming\botvspcollege\.venv\Lib\site-packages\aiogram\dispatcher\middlewares\error.py", line 25, in __call__
    return await handler(event, data)
           ^^^^^^^^^^^^^^^^^^^^^^^^^^
  File "D:\programming\botvspcollege\.venv\Lib\site-packages\aiogram\dispatcher\middlewares\user_context.py", line 27, in __call__
    return await handler(event, data)
           ^^^^^^^^^^^^^^^^^^^^^^^^^^
  File "D:\programming\botvspcollege\.venv\Lib\site-packages\aiogram\fsm\middleware.py", line 41, in __call__
    return await handler(event, data)
           ^^^^^^^^^^^^^^^^^^^^^^^^^^
  File "D:\programming\botvspcollege\.venv\Lib\site-packages\aiogram\dispatcher\event\telegram.py", line 121, in trigger
    return await wrapped_inner(event, kwargs)
           ^^^^^^^^^^^^^^^^^^^^^^^^^^^^^^^^^^
  File "D:\programming\botvspcollege\.venv\Lib\site-packages\aiogram\dispatcher\event\handler.py", line 43, in call
    return await wrapped()
           ^^^^^^^^^^^^^^^
  File "D:\programming\botvspcollege\.venv\Lib\site-packages\aiogram\dispatcher\dispatcher.py", line 276, in _listen_update
    return await self.propagate_event(update_type=update_type, event=event, **kwargs)
           ^^^^^^^^^^^^^^^^^^^^^^^^^^^^^^^^^^^^^^^^^^^^^^^^^^^^^^^^^^^^^^^^^^^^^^^^^^
  File "D:\programming\botvspcollege\.venv\Lib\site-packages\aiogram\dispatcher\router.py", line 128, in propagate_event
    return await observer.wrap_outer_middleware(_wrapped, event=event, data=kwargs)
           ^^^^^^^^^^^^^^^^^^^^^^^^^^^^^^^^^^^^^^^^^^^^^^^^^^^^^^^^^^^^^^^^^^^^^^^^
  File "D:\programming\botvspcollege\.venv\Lib\site-packages\aiogram\dispatcher\router.py", line 123, in _wrapped
    return await self._propagate_event(
           ^^^^^^^^^^^^^^^^^^^^^^^^^^^^
  File "D:\programming\botvspcollege\.venv\Lib\site-packages\aiogram\dispatcher\router.py", line 156, in _propagate_event
    response = await router.propagate_event(update_type=update_type, event=event, **kwargs)
               ^^^^^^^^^^^^^^^^^^^^^^^^^^^^^^^^^^^^^^^^^^^^^^^^^^^^^^^^^^^^^^^^^^^^^^^^^^^^
  File "D:\programming\botvspcollege\.venv\Lib\site-packages\aiogram\dispatcher\router.py", line 128, in propagate_event
    return await observer.wrap_outer_middleware(_wrapped, event=event, data=kwargs)
           ^^^^^^^^^^^^^^^^^^^^^^^^^^^^^^^^^^^^^^^^^^^^^^^^^^^^^^^^^^^^^^^^^^^^^^^^
  File "D:\programming\botvspcollege\.venv\Lib\site-packages\aiogram\dispatcher\router.py", line 123, in _wrapped
    return await self._propagate_event(
           ^^^^^^^^^^^^^^^^^^^^^^^^^^^^
  File "D:\programming\botvspcollege\.venv\Lib\site-packages\aiogram\dispatcher\router.py", line 148, in _propagate_event
    response = await observer.trigger(event, **kwargs)
               ^^^^^^^^^^^^^^^^^^^^^^^^^^^^^^^^^^^^^^^
  File "D:\programming\botvspcollege\.venv\Lib\site-packages\aiogram\dispatcher\event\telegram.py", line 121, in trigger
    return await wrapped_inner(event, kwargs)
           ^^^^^^^^^^^^^^^^^^^^^^^^^^^^^^^^^^
  File "D:\programming\botvspcollege\.venv\Lib\site-packages\aiogram\dispatcher\event\handler.py", line 43, in call
    return await wrapped()
           ^^^^^^^^^^^^^^^
  File "D:\programming\botvspcollege\handlers\help.py", line 33, in set_question
    question_db.addQuestion(question_id=quest_id, questioner_id=data['questioner_id'], text=data['text'])
  File "D:\programming\botvspcollege\vspDB\__init__.py", line 44, in addQuestion
    self.conn.commit()
sqlite3.OperationalError: database is locked
INFO:aiogram.dispatcher:Polling stopped
INFO:aiogram.dispatcher:Polling stopped for bot @vsptest_bot id=6994528597 - 'Тестовий Бот ВСП "Павлоградський фаховий коледж НТУ "ДП"'
DEBUG:asyncio:Using proactor: IocpProactor
INFO:aiogram.dispatcher:Start polling
INFO:aiogram.dispatcher:Run polling for bot @vsptest_bot id=6994528597 - 'Тестовий Бот ВСП "Павлоградський фаховий коледж НТУ "ДП"'
INFO:aiogram.event:Update id=922586391 is handled. Duration 265 ms by bot id=6994528597
INFO:aiogram.event:Update id=922586392 is not handled. Duration 5562 ms by bot id=6994528597
ERROR:aiogram.event:Cause exception while process update id=922586392 by bot id=6994528597
OperationalError: database is locked
Traceback (most recent call last):
  File "D:\programming\botvspcollege\.venv\Lib\site-packages\aiogram\dispatcher\dispatcher.py", line 309, in _process_update
    response = await self.feed_update(bot, update, **kwargs)
               ^^^^^^^^^^^^^^^^^^^^^^^^^^^^^^^^^^^^^^^^^^^^^
  File "D:\programming\botvspcollege\.venv\Lib\site-packages\aiogram\dispatcher\dispatcher.py", line 158, in feed_update
    response = await self.update.wrap_outer_middleware(
               ^^^^^^^^^^^^^^^^^^^^^^^^^^^^^^^^^^^^^^^^
  File "D:\programming\botvspcollege\.venv\Lib\site-packages\aiogram\dispatcher\middlewares\error.py", line 25, in __call__
    return await handler(event, data)
           ^^^^^^^^^^^^^^^^^^^^^^^^^^
  File "D:\programming\botvspcollege\.venv\Lib\site-packages\aiogram\dispatcher\middlewares\user_context.py", line 27, in __call__
    return await handler(event, data)
           ^^^^^^^^^^^^^^^^^^^^^^^^^^
  File "D:\programming\botvspcollege\.venv\Lib\site-packages\aiogram\fsm\middleware.py", line 41, in __call__
    return await handler(event, data)
           ^^^^^^^^^^^^^^^^^^^^^^^^^^
  File "D:\programming\botvspcollege\.venv\Lib\site-packages\aiogram\dispatcher\event\telegram.py", line 121, in trigger
    return await wrapped_inner(event, kwargs)
           ^^^^^^^^^^^^^^^^^^^^^^^^^^^^^^^^^^
  File "D:\programming\botvspcollege\.venv\Lib\site-packages\aiogram\dispatcher\event\handler.py", line 43, in call
    return await wrapped()
           ^^^^^^^^^^^^^^^
  File "D:\programming\botvspcollege\.venv\Lib\site-packages\aiogram\dispatcher\dispatcher.py", line 276, in _listen_update
    return await self.propagate_event(update_type=update_type, event=event, **kwargs)
           ^^^^^^^^^^^^^^^^^^^^^^^^^^^^^^^^^^^^^^^^^^^^^^^^^^^^^^^^^^^^^^^^^^^^^^^^^^
  File "D:\programming\botvspcollege\.venv\Lib\site-packages\aiogram\dispatcher\router.py", line 128, in propagate_event
    return await observer.wrap_outer_middleware(_wrapped, event=event, data=kwargs)
           ^^^^^^^^^^^^^^^^^^^^^^^^^^^^^^^^^^^^^^^^^^^^^^^^^^^^^^^^^^^^^^^^^^^^^^^^
  File "D:\programming\botvspcollege\.venv\Lib\site-packages\aiogram\dispatcher\router.py", line 123, in _wrapped
    return await self._propagate_event(
           ^^^^^^^^^^^^^^^^^^^^^^^^^^^^
  File "D:\programming\botvspcollege\.venv\Lib\site-packages\aiogram\dispatcher\router.py", line 156, in _propagate_event
    response = await router.propagate_event(update_type=update_type, event=event, **kwargs)
               ^^^^^^^^^^^^^^^^^^^^^^^^^^^^^^^^^^^^^^^^^^^^^^^^^^^^^^^^^^^^^^^^^^^^^^^^^^^^
  File "D:\programming\botvspcollege\.venv\Lib\site-packages\aiogram\dispatcher\router.py", line 128, in propagate_event
    return await observer.wrap_outer_middleware(_wrapped, event=event, data=kwargs)
           ^^^^^^^^^^^^^^^^^^^^^^^^^^^^^^^^^^^^^^^^^^^^^^^^^^^^^^^^^^^^^^^^^^^^^^^^
  File "D:\programming\botvspcollege\.venv\Lib\site-packages\aiogram\dispatcher\router.py", line 123, in _wrapped
    return await self._propagate_event(
           ^^^^^^^^^^^^^^^^^^^^^^^^^^^^
  File "D:\programming\botvspcollege\.venv\Lib\site-packages\aiogram\dispatcher\router.py", line 148, in _propagate_event
    response = await observer.trigger(event, **kwargs)
               ^^^^^^^^^^^^^^^^^^^^^^^^^^^^^^^^^^^^^^^
  File "D:\programming\botvspcollege\.venv\Lib\site-packages\aiogram\dispatcher\event\telegram.py", line 121, in trigger
    return await wrapped_inner(event, kwargs)
           ^^^^^^^^^^^^^^^^^^^^^^^^^^^^^^^^^^
  File "D:\programming\botvspcollege\.venv\Lib\site-packages\aiogram\dispatcher\event\handler.py", line 43, in call
    return await wrapped()
           ^^^^^^^^^^^^^^^
  File "D:\programming\botvspcollege\handlers\help.py", line 33, in set_question
    question_db.addQuestion(question_id=quest_id, questioner_id=data['questioner_id'], text=data['text'])
  File "D:\programming\botvspcollege\vspDB\__init__.py", line 44, in addQuestion
    self.conn.commit()
sqlite3.OperationalError: database is locked
INFO:aiogram.dispatcher:Polling stopped
INFO:aiogram.dispatcher:Polling stopped for bot @vsptest_bot id=6994528597 - 'Тестовий Бот ВСП "Павлоградський фаховий коледж НТУ "ДП"'
DEBUG:asyncio:Using proactor: IocpProactor
INFO:aiogram.dispatcher:Start polling
INFO:aiogram.dispatcher:Run polling for bot @vsptest_bot id=6994528597 - 'Тестовий Бот ВСП "Павлоградський фаховий коледж НТУ "ДП"'
INFO:aiogram.event:Update id=922586393 is handled. Duration 311 ms by bot id=6994528597
INFO:aiogram.event:Update id=922586394 is handled. Duration 265 ms by bot id=6994528597
INFO:aiogram.event:Update id=922586395 is handled. Duration 0 ms by bot id=6994528597
INFO:aiogram.dispatcher:Polling stopped
INFO:aiogram.dispatcher:Polling stopped for bot @vsptest_bot id=6994528597 - 'Тестовий Бот ВСП "Павлоградський фаховий коледж НТУ "ДП"'
DEBUG:asyncio:Using proactor: IocpProactor
INFO:aiogram.dispatcher:Start polling
INFO:aiogram.dispatcher:Run polling for bot @vsptest_bot id=6994528597 - 'Тестовий Бот ВСП "Павлоградський фаховий коледж НТУ "ДП"'
INFO:aiogram.dispatcher:Polling stopped
INFO:aiogram.dispatcher:Polling stopped for bot @vsptest_bot id=6994528597 - 'Тестовий Бот ВСП "Павлоградський фаховий коледж НТУ "ДП"'
DEBUG:asyncio:Using proactor: IocpProactor
INFO:aiogram.dispatcher:Start polling
INFO:aiogram.dispatcher:Run polling for bot @vsptest_bot id=6994528597 - 'Тестовий Бот ВСП "Павлоградський фаховий коледж НТУ "ДП"'
INFO:aiogram.event:Update id=922586396 is handled. Duration 250 ms by bot id=6994528597
INFO:aiogram.event:Update id=922586397 is handled. Duration 0 ms by bot id=6994528597
INFO:aiogram.dispatcher:Polling stopped
INFO:aiogram.dispatcher:Polling stopped for bot @vsptest_bot id=6994528597 - 'Тестовий Бот ВСП "Павлоградський фаховий коледж НТУ "ДП"'
DEBUG:asyncio:Using proactor: IocpProactor
INFO:aiogram.dispatcher:Start polling
INFO:aiogram.dispatcher:Run polling for bot @vsptest_bot id=6994528597 - 'Тестовий Бот ВСП "Павлоградський фаховий коледж НТУ "ДП"'
INFO:aiogram.event:Update id=922586398 is handled. Duration 250 ms by bot id=6994528597
INFO:aiogram.event:Update id=922586399 is handled. Duration 77 ms by bot id=6994528597
INFO:aiogram.event:Update id=922586400 is handled. Duration 94 ms by bot id=6994528597
INFO:aiogram.dispatcher:Polling stopped
INFO:aiogram.dispatcher:Polling stopped for bot @vsptest_bot id=6994528597 - 'Тестовий Бот ВСП "Павлоградський фаховий коледж НТУ "ДП"'
DEBUG:asyncio:Using proactor: IocpProactor
INFO:aiogram.dispatcher:Start polling
INFO:aiogram.dispatcher:Run polling for bot @vsptest_bot id=6994528597 - 'Тестовий Бот ВСП "Павлоградський фаховий коледж НТУ "ДП"'
INFO:aiogram.event:Update id=922586401 is handled. Duration 375 ms by bot id=6994528597
INFO:aiogram.dispatcher:Polling stopped
INFO:aiogram.dispatcher:Polling stopped for bot @vsptest_bot id=6994528597 - 'Тестовий Бот ВСП "Павлоградський фаховий коледж НТУ "ДП"'
DEBUG:asyncio:Using proactor: IocpProactor
INFO:aiogram.dispatcher:Start polling
INFO:aiogram.dispatcher:Run polling for bot @vsptest_bot id=6994528597 - 'Тестовий Бот ВСП "Павлоградський фаховий коледж НТУ "ДП"'
INFO:aiogram.event:Update id=922586402 is handled. Duration 327 ms by bot id=6994528597
INFO:aiogram.event:Update id=922586403 is not handled. Duration 109 ms by bot id=6994528597
ERROR:aiogram.event:Cause exception while process update id=922586403 by bot id=6994528597
TypeError: aiogram.methods.send_message.SendMessage() got multiple values for keyword argument 'chat_id'
Traceback (most recent call last):
  File "D:\programming\botvspcollege\.venv\Lib\site-packages\aiogram\dispatcher\dispatcher.py", line 309, in _process_update
    response = await self.feed_update(bot, update, **kwargs)
               ^^^^^^^^^^^^^^^^^^^^^^^^^^^^^^^^^^^^^^^^^^^^^
  File "D:\programming\botvspcollege\.venv\Lib\site-packages\aiogram\dispatcher\dispatcher.py", line 158, in feed_update
    response = await self.update.wrap_outer_middleware(
               ^^^^^^^^^^^^^^^^^^^^^^^^^^^^^^^^^^^^^^^^
  File "D:\programming\botvspcollege\.venv\Lib\site-packages\aiogram\dispatcher\middlewares\error.py", line 25, in __call__
    return await handler(event, data)
           ^^^^^^^^^^^^^^^^^^^^^^^^^^
  File "D:\programming\botvspcollege\.venv\Lib\site-packages\aiogram\dispatcher\middlewares\user_context.py", line 27, in __call__
    return await handler(event, data)
           ^^^^^^^^^^^^^^^^^^^^^^^^^^
  File "D:\programming\botvspcollege\.venv\Lib\site-packages\aiogram\fsm\middleware.py", line 41, in __call__
    return await handler(event, data)
           ^^^^^^^^^^^^^^^^^^^^^^^^^^
  File "D:\programming\botvspcollege\.venv\Lib\site-packages\aiogram\dispatcher\event\telegram.py", line 121, in trigger
    return await wrapped_inner(event, kwargs)
           ^^^^^^^^^^^^^^^^^^^^^^^^^^^^^^^^^^
  File "D:\programming\botvspcollege\.venv\Lib\site-packages\aiogram\dispatcher\event\handler.py", line 43, in call
    return await wrapped()
           ^^^^^^^^^^^^^^^
  File "D:\programming\botvspcollege\.venv\Lib\site-packages\aiogram\dispatcher\dispatcher.py", line 276, in _listen_update
    return await self.propagate_event(update_type=update_type, event=event, **kwargs)
           ^^^^^^^^^^^^^^^^^^^^^^^^^^^^^^^^^^^^^^^^^^^^^^^^^^^^^^^^^^^^^^^^^^^^^^^^^^
  File "D:\programming\botvspcollege\.venv\Lib\site-packages\aiogram\dispatcher\router.py", line 128, in propagate_event
    return await observer.wrap_outer_middleware(_wrapped, event=event, data=kwargs)
           ^^^^^^^^^^^^^^^^^^^^^^^^^^^^^^^^^^^^^^^^^^^^^^^^^^^^^^^^^^^^^^^^^^^^^^^^
  File "D:\programming\botvspcollege\.venv\Lib\site-packages\aiogram\dispatcher\router.py", line 123, in _wrapped
    return await self._propagate_event(
           ^^^^^^^^^^^^^^^^^^^^^^^^^^^^
  File "D:\programming\botvspcollege\.venv\Lib\site-packages\aiogram\dispatcher\router.py", line 156, in _propagate_event
    response = await router.propagate_event(update_type=update_type, event=event, **kwargs)
               ^^^^^^^^^^^^^^^^^^^^^^^^^^^^^^^^^^^^^^^^^^^^^^^^^^^^^^^^^^^^^^^^^^^^^^^^^^^^
  File "D:\programming\botvspcollege\.venv\Lib\site-packages\aiogram\dispatcher\router.py", line 128, in propagate_event
    return await observer.wrap_outer_middleware(_wrapped, event=event, data=kwargs)
           ^^^^^^^^^^^^^^^^^^^^^^^^^^^^^^^^^^^^^^^^^^^^^^^^^^^^^^^^^^^^^^^^^^^^^^^^
  File "D:\programming\botvspcollege\.venv\Lib\site-packages\aiogram\dispatcher\router.py", line 123, in _wrapped
    return await self._propagate_event(
           ^^^^^^^^^^^^^^^^^^^^^^^^^^^^
  File "D:\programming\botvspcollege\.venv\Lib\site-packages\aiogram\dispatcher\router.py", line 148, in _propagate_event
    response = await observer.trigger(event, **kwargs)
               ^^^^^^^^^^^^^^^^^^^^^^^^^^^^^^^^^^^^^^^
  File "D:\programming\botvspcollege\.venv\Lib\site-packages\aiogram\dispatcher\event\telegram.py", line 121, in trigger
    return await wrapped_inner(event, kwargs)
           ^^^^^^^^^^^^^^^^^^^^^^^^^^^^^^^^^^
  File "D:\programming\botvspcollege\.venv\Lib\site-packages\aiogram\dispatcher\event\handler.py", line 43, in call
    return await wrapped()
           ^^^^^^^^^^^^^^^
  File "D:\programming\botvspcollege\handlers\help.py", line 36, in set_question
    await msg.answer(
          ^^^^^^^^^^^
  File "D:\programming\botvspcollege\.venv\Lib\site-packages\aiogram\types\message.py", line 1903, in answer
    return SendMessage(
           ^^^^^^^^^^^^
TypeError: aiogram.methods.send_message.SendMessage() got multiple values for keyword argument 'chat_id'
INFO:aiogram.dispatcher:Polling stopped
INFO:aiogram.dispatcher:Polling stopped for bot @vsptest_bot id=6994528597 - 'Тестовий Бот ВСП "Павлоградський фаховий коледж НТУ "ДП"'
DEBUG:asyncio:Using proactor: IocpProactor
INFO:aiogram.dispatcher:Start polling
INFO:aiogram.dispatcher:Run polling for bot @vsptest_bot id=6994528597 - 'Тестовий Бот ВСП "Павлоградський фаховий коледж НТУ "ДП"'
INFO:aiogram.event:Update id=922586404 is handled. Duration 250 ms by bot id=6994528597
INFO:aiogram.event:Update id=922586405 is handled. Duration 109 ms by bot id=6994528597
INFO:aiogram.dispatcher:Polling stopped
INFO:aiogram.dispatcher:Polling stopped for bot @vsptest_bot id=6994528597 - 'Тестовий Бот ВСП "Павлоградський фаховий коледж НТУ "ДП"'
DEBUG:asyncio:Using proactor: IocpProactor
INFO:aiogram.dispatcher:Start polling
INFO:aiogram.dispatcher:Run polling for bot @vsptest_bot id=6994528597 - 'Тестовий Бот ВСП "Павлоградський фаховий коледж НТУ "ДП"'
INFO:aiogram.event:Update id=922586406 is handled. Duration 234 ms by bot id=6994528597
INFO:aiogram.event:Update id=922586407 is handled. Duration 109 ms by bot id=6994528597
INFO:aiogram.dispatcher:Polling stopped
INFO:aiogram.dispatcher:Polling stopped for bot @vsptest_bot id=6994528597 - 'Тестовий Бот ВСП "Павлоградський фаховий коледж НТУ "ДП"'
DEBUG:asyncio:Using proactor: IocpProactor
INFO:aiogram.dispatcher:Start polling
INFO:aiogram.dispatcher:Run polling for bot @vsptest_bot id=6994528597 - 'Тестовий Бот ВСП "Павлоградський фаховий коледж НТУ "ДП"'
INFO:aiogram.event:Update id=922586408 is handled. Duration 250 ms by bot id=6994528597
INFO:aiogram.event:Update id=922586409 is not handled. Duration 0 ms by bot id=6994528597
INFO:aiogram.event:Update id=922586410 is not handled. Duration 0 ms by bot id=6994528597
INFO:aiogram.event:Update id=922586411 is handled. Duration 125 ms by bot id=6994528597
INFO:aiogram.event:Update id=922586412 is not handled. Duration 172 ms by bot id=6994528597
ERROR:aiogram.event:Cause exception while process update id=922586412 by bot id=6994528597
TypeError: aiogram.methods.send_message.SendMessage() got multiple values for keyword argument 'chat_id'
Traceback (most recent call last):
  File "D:\programming\botvspcollege\.venv\Lib\site-packages\aiogram\dispatcher\dispatcher.py", line 309, in _process_update
    response = await self.feed_update(bot, update, **kwargs)
               ^^^^^^^^^^^^^^^^^^^^^^^^^^^^^^^^^^^^^^^^^^^^^
  File "D:\programming\botvspcollege\.venv\Lib\site-packages\aiogram\dispatcher\dispatcher.py", line 158, in feed_update
    response = await self.update.wrap_outer_middleware(
               ^^^^^^^^^^^^^^^^^^^^^^^^^^^^^^^^^^^^^^^^
  File "D:\programming\botvspcollege\.venv\Lib\site-packages\aiogram\dispatcher\middlewares\error.py", line 25, in __call__
    return await handler(event, data)
           ^^^^^^^^^^^^^^^^^^^^^^^^^^
  File "D:\programming\botvspcollege\.venv\Lib\site-packages\aiogram\dispatcher\middlewares\user_context.py", line 27, in __call__
    return await handler(event, data)
           ^^^^^^^^^^^^^^^^^^^^^^^^^^
  File "D:\programming\botvspcollege\.venv\Lib\site-packages\aiogram\fsm\middleware.py", line 41, in __call__
    return await handler(event, data)
           ^^^^^^^^^^^^^^^^^^^^^^^^^^
  File "D:\programming\botvspcollege\.venv\Lib\site-packages\aiogram\dispatcher\event\telegram.py", line 121, in trigger
    return await wrapped_inner(event, kwargs)
           ^^^^^^^^^^^^^^^^^^^^^^^^^^^^^^^^^^
  File "D:\programming\botvspcollege\.venv\Lib\site-packages\aiogram\dispatcher\event\handler.py", line 43, in call
    return await wrapped()
           ^^^^^^^^^^^^^^^
  File "D:\programming\botvspcollege\.venv\Lib\site-packages\aiogram\dispatcher\dispatcher.py", line 276, in _listen_update
    return await self.propagate_event(update_type=update_type, event=event, **kwargs)
           ^^^^^^^^^^^^^^^^^^^^^^^^^^^^^^^^^^^^^^^^^^^^^^^^^^^^^^^^^^^^^^^^^^^^^^^^^^
  File "D:\programming\botvspcollege\.venv\Lib\site-packages\aiogram\dispatcher\router.py", line 128, in propagate_event
    return await observer.wrap_outer_middleware(_wrapped, event=event, data=kwargs)
           ^^^^^^^^^^^^^^^^^^^^^^^^^^^^^^^^^^^^^^^^^^^^^^^^^^^^^^^^^^^^^^^^^^^^^^^^
  File "D:\programming\botvspcollege\.venv\Lib\site-packages\aiogram\dispatcher\router.py", line 123, in _wrapped
    return await self._propagate_event(
           ^^^^^^^^^^^^^^^^^^^^^^^^^^^^
  File "D:\programming\botvspcollege\.venv\Lib\site-packages\aiogram\dispatcher\router.py", line 156, in _propagate_event
    response = await router.propagate_event(update_type=update_type, event=event, **kwargs)
               ^^^^^^^^^^^^^^^^^^^^^^^^^^^^^^^^^^^^^^^^^^^^^^^^^^^^^^^^^^^^^^^^^^^^^^^^^^^^
  File "D:\programming\botvspcollege\.venv\Lib\site-packages\aiogram\dispatcher\router.py", line 128, in propagate_event
    return await observer.wrap_outer_middleware(_wrapped, event=event, data=kwargs)
           ^^^^^^^^^^^^^^^^^^^^^^^^^^^^^^^^^^^^^^^^^^^^^^^^^^^^^^^^^^^^^^^^^^^^^^^^
  File "D:\programming\botvspcollege\.venv\Lib\site-packages\aiogram\dispatcher\router.py", line 123, in _wrapped
    return await self._propagate_event(
           ^^^^^^^^^^^^^^^^^^^^^^^^^^^^
  File "D:\programming\botvspcollege\.venv\Lib\site-packages\aiogram\dispatcher\router.py", line 148, in _propagate_event
    response = await observer.trigger(event, **kwargs)
               ^^^^^^^^^^^^^^^^^^^^^^^^^^^^^^^^^^^^^^^
  File "D:\programming\botvspcollege\.venv\Lib\site-packages\aiogram\dispatcher\event\telegram.py", line 121, in trigger
    return await wrapped_inner(event, kwargs)
           ^^^^^^^^^^^^^^^^^^^^^^^^^^^^^^^^^^
  File "D:\programming\botvspcollege\.venv\Lib\site-packages\aiogram\dispatcher\event\handler.py", line 43, in call
    return await wrapped()
           ^^^^^^^^^^^^^^^
  File "D:\programming\botvspcollege\handlers\help.py", line 36, in set_question
    await msg.answer(
          ^^^^^^^^^^^
  File "D:\programming\botvspcollege\.venv\Lib\site-packages\aiogram\types\message.py", line 1903, in answer
    return SendMessage(
           ^^^^^^^^^^^^
TypeError: aiogram.methods.send_message.SendMessage() got multiple values for keyword argument 'chat_id'
INFO:aiogram.dispatcher:Polling stopped
INFO:aiogram.dispatcher:Polling stopped for bot @vsptest_bot id=6994528597 - 'Тестовий Бот ВСП "Павлоградський фаховий коледж НТУ "ДП"'
DEBUG:asyncio:Using proactor: IocpProactor
INFO:aiogram.dispatcher:Start polling
INFO:aiogram.dispatcher:Run polling for bot @vsptest_bot id=6994528597 - 'Тестовий Бот ВСП "Павлоградський фаховий коледж НТУ "ДП"'
INFO:aiogram.event:Update id=922586413 is handled. Duration 234 ms by bot id=6994528597
INFO:aiogram.event:Update id=922586414 is not handled. Duration 77 ms by bot id=6994528597
ERROR:aiogram.event:Cause exception while process update id=922586414 by bot id=6994528597
TypeError: Message.answer() got multiple values for argument 'text'
Traceback (most recent call last):
  File "D:\programming\botvspcollege\.venv\Lib\site-packages\aiogram\dispatcher\dispatcher.py", line 309, in _process_update
    response = await self.feed_update(bot, update, **kwargs)
               ^^^^^^^^^^^^^^^^^^^^^^^^^^^^^^^^^^^^^^^^^^^^^
  File "D:\programming\botvspcollege\.venv\Lib\site-packages\aiogram\dispatcher\dispatcher.py", line 158, in feed_update
    response = await self.update.wrap_outer_middleware(
               ^^^^^^^^^^^^^^^^^^^^^^^^^^^^^^^^^^^^^^^^
  File "D:\programming\botvspcollege\.venv\Lib\site-packages\aiogram\dispatcher\middlewares\error.py", line 25, in __call__
    return await handler(event, data)
           ^^^^^^^^^^^^^^^^^^^^^^^^^^
  File "D:\programming\botvspcollege\.venv\Lib\site-packages\aiogram\dispatcher\middlewares\user_context.py", line 27, in __call__
    return await handler(event, data)
           ^^^^^^^^^^^^^^^^^^^^^^^^^^
  File "D:\programming\botvspcollege\.venv\Lib\site-packages\aiogram\fsm\middleware.py", line 41, in __call__
    return await handler(event, data)
           ^^^^^^^^^^^^^^^^^^^^^^^^^^
  File "D:\programming\botvspcollege\.venv\Lib\site-packages\aiogram\dispatcher\event\telegram.py", line 121, in trigger
    return await wrapped_inner(event, kwargs)
           ^^^^^^^^^^^^^^^^^^^^^^^^^^^^^^^^^^
  File "D:\programming\botvspcollege\.venv\Lib\site-packages\aiogram\dispatcher\event\handler.py", line 43, in call
    return await wrapped()
           ^^^^^^^^^^^^^^^
  File "D:\programming\botvspcollege\.venv\Lib\site-packages\aiogram\dispatcher\dispatcher.py", line 276, in _listen_update
    return await self.propagate_event(update_type=update_type, event=event, **kwargs)
           ^^^^^^^^^^^^^^^^^^^^^^^^^^^^^^^^^^^^^^^^^^^^^^^^^^^^^^^^^^^^^^^^^^^^^^^^^^
  File "D:\programming\botvspcollege\.venv\Lib\site-packages\aiogram\dispatcher\router.py", line 128, in propagate_event
    return await observer.wrap_outer_middleware(_wrapped, event=event, data=kwargs)
           ^^^^^^^^^^^^^^^^^^^^^^^^^^^^^^^^^^^^^^^^^^^^^^^^^^^^^^^^^^^^^^^^^^^^^^^^
  File "D:\programming\botvspcollege\.venv\Lib\site-packages\aiogram\dispatcher\router.py", line 123, in _wrapped
    return await self._propagate_event(
           ^^^^^^^^^^^^^^^^^^^^^^^^^^^^
  File "D:\programming\botvspcollege\.venv\Lib\site-packages\aiogram\dispatcher\router.py", line 156, in _propagate_event
    response = await router.propagate_event(update_type=update_type, event=event, **kwargs)
               ^^^^^^^^^^^^^^^^^^^^^^^^^^^^^^^^^^^^^^^^^^^^^^^^^^^^^^^^^^^^^^^^^^^^^^^^^^^^
  File "D:\programming\botvspcollege\.venv\Lib\site-packages\aiogram\dispatcher\router.py", line 128, in propagate_event
    return await observer.wrap_outer_middleware(_wrapped, event=event, data=kwargs)
           ^^^^^^^^^^^^^^^^^^^^^^^^^^^^^^^^^^^^^^^^^^^^^^^^^^^^^^^^^^^^^^^^^^^^^^^^
  File "D:\programming\botvspcollege\.venv\Lib\site-packages\aiogram\dispatcher\router.py", line 123, in _wrapped
    return await self._propagate_event(
           ^^^^^^^^^^^^^^^^^^^^^^^^^^^^
  File "D:\programming\botvspcollege\.venv\Lib\site-packages\aiogram\dispatcher\router.py", line 148, in _propagate_event
    response = await observer.trigger(event, **kwargs)
               ^^^^^^^^^^^^^^^^^^^^^^^^^^^^^^^^^^^^^^^
  File "D:\programming\botvspcollege\.venv\Lib\site-packages\aiogram\dispatcher\event\telegram.py", line 121, in trigger
    return await wrapped_inner(event, kwargs)
           ^^^^^^^^^^^^^^^^^^^^^^^^^^^^^^^^^^
  File "D:\programming\botvspcollege\.venv\Lib\site-packages\aiogram\dispatcher\event\handler.py", line 43, in call
    return await wrapped()
           ^^^^^^^^^^^^^^^
  File "D:\programming\botvspcollege\handlers\help.py", line 36, in set_question
    await msg.answer(
          ^^^^^^^^^^^
TypeError: Message.answer() got multiple values for argument 'text'
INFO:aiogram.dispatcher:Polling stopped
INFO:aiogram.dispatcher:Polling stopped for bot @vsptest_bot id=6994528597 - 'Тестовий Бот ВСП "Павлоградський фаховий коледж НТУ "ДП"'
DEBUG:asyncio:Using proactor: IocpProactor
INFO:aiogram.dispatcher:Start polling
INFO:aiogram.dispatcher:Run polling for bot @vsptest_bot id=6994528597 - 'Тестовий Бот ВСП "Павлоградський фаховий коледж НТУ "ДП"'
INFO:aiogram.event:Update id=922586415 is handled. Duration 281 ms by bot id=6994528597
INFO:aiogram.event:Update id=922586416 is not handled. Duration 109 ms by bot id=6994528597
ERROR:aiogram.event:Cause exception while process update id=922586416 by bot id=6994528597
TypeError: object function can't be used in 'await' expression
Traceback (most recent call last):
  File "D:\programming\botvspcollege\.venv\Lib\site-packages\aiogram\dispatcher\dispatcher.py", line 309, in _process_update
    response = await self.feed_update(bot, update, **kwargs)
               ^^^^^^^^^^^^^^^^^^^^^^^^^^^^^^^^^^^^^^^^^^^^^
  File "D:\programming\botvspcollege\.venv\Lib\site-packages\aiogram\dispatcher\dispatcher.py", line 158, in feed_update
    response = await self.update.wrap_outer_middleware(
               ^^^^^^^^^^^^^^^^^^^^^^^^^^^^^^^^^^^^^^^^
  File "D:\programming\botvspcollege\.venv\Lib\site-packages\aiogram\dispatcher\middlewares\error.py", line 25, in __call__
    return await handler(event, data)
           ^^^^^^^^^^^^^^^^^^^^^^^^^^
  File "D:\programming\botvspcollege\.venv\Lib\site-packages\aiogram\dispatcher\middlewares\user_context.py", line 27, in __call__
    return await handler(event, data)
           ^^^^^^^^^^^^^^^^^^^^^^^^^^
  File "D:\programming\botvspcollege\.venv\Lib\site-packages\aiogram\fsm\middleware.py", line 41, in __call__
    return await handler(event, data)
           ^^^^^^^^^^^^^^^^^^^^^^^^^^
  File "D:\programming\botvspcollege\.venv\Lib\site-packages\aiogram\dispatcher\event\telegram.py", line 121, in trigger
    return await wrapped_inner(event, kwargs)
           ^^^^^^^^^^^^^^^^^^^^^^^^^^^^^^^^^^
  File "D:\programming\botvspcollege\.venv\Lib\site-packages\aiogram\dispatcher\event\handler.py", line 43, in call
    return await wrapped()
           ^^^^^^^^^^^^^^^
  File "D:\programming\botvspcollege\.venv\Lib\site-packages\aiogram\dispatcher\dispatcher.py", line 276, in _listen_update
    return await self.propagate_event(update_type=update_type, event=event, **kwargs)
           ^^^^^^^^^^^^^^^^^^^^^^^^^^^^^^^^^^^^^^^^^^^^^^^^^^^^^^^^^^^^^^^^^^^^^^^^^^
  File "D:\programming\botvspcollege\.venv\Lib\site-packages\aiogram\dispatcher\router.py", line 128, in propagate_event
    return await observer.wrap_outer_middleware(_wrapped, event=event, data=kwargs)
           ^^^^^^^^^^^^^^^^^^^^^^^^^^^^^^^^^^^^^^^^^^^^^^^^^^^^^^^^^^^^^^^^^^^^^^^^
  File "D:\programming\botvspcollege\.venv\Lib\site-packages\aiogram\dispatcher\router.py", line 123, in _wrapped
    return await self._propagate_event(
           ^^^^^^^^^^^^^^^^^^^^^^^^^^^^
  File "D:\programming\botvspcollege\.venv\Lib\site-packages\aiogram\dispatcher\router.py", line 156, in _propagate_event
    response = await router.propagate_event(update_type=update_type, event=event, **kwargs)
               ^^^^^^^^^^^^^^^^^^^^^^^^^^^^^^^^^^^^^^^^^^^^^^^^^^^^^^^^^^^^^^^^^^^^^^^^^^^^
  File "D:\programming\botvspcollege\.venv\Lib\site-packages\aiogram\dispatcher\router.py", line 128, in propagate_event
    return await observer.wrap_outer_middleware(_wrapped, event=event, data=kwargs)
           ^^^^^^^^^^^^^^^^^^^^^^^^^^^^^^^^^^^^^^^^^^^^^^^^^^^^^^^^^^^^^^^^^^^^^^^^
  File "D:\programming\botvspcollege\.venv\Lib\site-packages\aiogram\dispatcher\router.py", line 123, in _wrapped
    return await self._propagate_event(
           ^^^^^^^^^^^^^^^^^^^^^^^^^^^^
  File "D:\programming\botvspcollege\.venv\Lib\site-packages\aiogram\dispatcher\router.py", line 148, in _propagate_event
    response = await observer.trigger(event, **kwargs)
               ^^^^^^^^^^^^^^^^^^^^^^^^^^^^^^^^^^^^^^^
  File "D:\programming\botvspcollege\.venv\Lib\site-packages\aiogram\dispatcher\event\telegram.py", line 121, in trigger
    return await wrapped_inner(event, kwargs)
           ^^^^^^^^^^^^^^^^^^^^^^^^^^^^^^^^^^
  File "D:\programming\botvspcollege\.venv\Lib\site-packages\aiogram\dispatcher\event\handler.py", line 43, in call
    return await wrapped()
           ^^^^^^^^^^^^^^^
  File "D:\programming\botvspcollege\handlers\help.py", line 36, in set_question
    await router.message(
TypeError: object function can't be used in 'await' expression
INFO:aiogram.event:Update id=922586417 is not handled. Duration 250 ms by bot id=6994528597
ERROR:aiogram.event:Cause exception while process update id=922586417 by bot id=6994528597
TypeError: object function can't be used in 'await' expression
Traceback (most recent call last):
  File "D:\programming\botvspcollege\.venv\Lib\site-packages\aiogram\dispatcher\dispatcher.py", line 309, in _process_update
    response = await self.feed_update(bot, update, **kwargs)
               ^^^^^^^^^^^^^^^^^^^^^^^^^^^^^^^^^^^^^^^^^^^^^
  File "D:\programming\botvspcollege\.venv\Lib\site-packages\aiogram\dispatcher\dispatcher.py", line 158, in feed_update
    response = await self.update.wrap_outer_middleware(
               ^^^^^^^^^^^^^^^^^^^^^^^^^^^^^^^^^^^^^^^^
  File "D:\programming\botvspcollege\.venv\Lib\site-packages\aiogram\dispatcher\middlewares\error.py", line 25, in __call__
    return await handler(event, data)
           ^^^^^^^^^^^^^^^^^^^^^^^^^^
  File "D:\programming\botvspcollege\.venv\Lib\site-packages\aiogram\dispatcher\middlewares\user_context.py", line 27, in __call__
    return await handler(event, data)
           ^^^^^^^^^^^^^^^^^^^^^^^^^^
  File "D:\programming\botvspcollege\.venv\Lib\site-packages\aiogram\fsm\middleware.py", line 41, in __call__
    return await handler(event, data)
           ^^^^^^^^^^^^^^^^^^^^^^^^^^
  File "D:\programming\botvspcollege\.venv\Lib\site-packages\aiogram\dispatcher\event\telegram.py", line 121, in trigger
    return await wrapped_inner(event, kwargs)
           ^^^^^^^^^^^^^^^^^^^^^^^^^^^^^^^^^^
  File "D:\programming\botvspcollege\.venv\Lib\site-packages\aiogram\dispatcher\event\handler.py", line 43, in call
    return await wrapped()
           ^^^^^^^^^^^^^^^
  File "D:\programming\botvspcollege\.venv\Lib\site-packages\aiogram\dispatcher\dispatcher.py", line 276, in _listen_update
    return await self.propagate_event(update_type=update_type, event=event, **kwargs)
           ^^^^^^^^^^^^^^^^^^^^^^^^^^^^^^^^^^^^^^^^^^^^^^^^^^^^^^^^^^^^^^^^^^^^^^^^^^
  File "D:\programming\botvspcollege\.venv\Lib\site-packages\aiogram\dispatcher\router.py", line 128, in propagate_event
    return await observer.wrap_outer_middleware(_wrapped, event=event, data=kwargs)
           ^^^^^^^^^^^^^^^^^^^^^^^^^^^^^^^^^^^^^^^^^^^^^^^^^^^^^^^^^^^^^^^^^^^^^^^^
  File "D:\programming\botvspcollege\.venv\Lib\site-packages\aiogram\dispatcher\router.py", line 123, in _wrapped
    return await self._propagate_event(
           ^^^^^^^^^^^^^^^^^^^^^^^^^^^^
  File "D:\programming\botvspcollege\.venv\Lib\site-packages\aiogram\dispatcher\router.py", line 156, in _propagate_event
    response = await router.propagate_event(update_type=update_type, event=event, **kwargs)
               ^^^^^^^^^^^^^^^^^^^^^^^^^^^^^^^^^^^^^^^^^^^^^^^^^^^^^^^^^^^^^^^^^^^^^^^^^^^^
  File "D:\programming\botvspcollege\.venv\Lib\site-packages\aiogram\dispatcher\router.py", line 128, in propagate_event
    return await observer.wrap_outer_middleware(_wrapped, event=event, data=kwargs)
           ^^^^^^^^^^^^^^^^^^^^^^^^^^^^^^^^^^^^^^^^^^^^^^^^^^^^^^^^^^^^^^^^^^^^^^^^
  File "D:\programming\botvspcollege\.venv\Lib\site-packages\aiogram\dispatcher\router.py", line 123, in _wrapped
    return await self._propagate_event(
           ^^^^^^^^^^^^^^^^^^^^^^^^^^^^
  File "D:\programming\botvspcollege\.venv\Lib\site-packages\aiogram\dispatcher\router.py", line 148, in _propagate_event
    response = await observer.trigger(event, **kwargs)
               ^^^^^^^^^^^^^^^^^^^^^^^^^^^^^^^^^^^^^^^
  File "D:\programming\botvspcollege\.venv\Lib\site-packages\aiogram\dispatcher\event\telegram.py", line 121, in trigger
    return await wrapped_inner(event, kwargs)
           ^^^^^^^^^^^^^^^^^^^^^^^^^^^^^^^^^^
  File "D:\programming\botvspcollege\.venv\Lib\site-packages\aiogram\dispatcher\event\handler.py", line 43, in call
    return await wrapped()
           ^^^^^^^^^^^^^^^
  File "D:\programming\botvspcollege\handlers\help.py", line 36, in set_question
    router.message(
TypeError: object function can't be used in 'await' expression
INFO:aiogram.event:Update id=922586418 is not handled. Duration 0 ms by bot id=6994528597
ERROR:aiogram.event:Cause exception while process update id=922586418 by bot id=6994528597
IntegrityError: UNIQUE constraint failed: questions.questioner_id
Traceback (most recent call last):
  File "D:\programming\botvspcollege\.venv\Lib\site-packages\aiogram\dispatcher\dispatcher.py", line 309, in _process_update
    response = await self.feed_update(bot, update, **kwargs)
               ^^^^^^^^^^^^^^^^^^^^^^^^^^^^^^^^^^^^^^^^^^^^^
  File "D:\programming\botvspcollege\.venv\Lib\site-packages\aiogram\dispatcher\dispatcher.py", line 158, in feed_update
    response = await self.update.wrap_outer_middleware(
               ^^^^^^^^^^^^^^^^^^^^^^^^^^^^^^^^^^^^^^^^
  File "D:\programming\botvspcollege\.venv\Lib\site-packages\aiogram\dispatcher\middlewares\error.py", line 25, in __call__
    return await handler(event, data)
           ^^^^^^^^^^^^^^^^^^^^^^^^^^
  File "D:\programming\botvspcollege\.venv\Lib\site-packages\aiogram\dispatcher\middlewares\user_context.py", line 27, in __call__
    return await handler(event, data)
           ^^^^^^^^^^^^^^^^^^^^^^^^^^
  File "D:\programming\botvspcollege\.venv\Lib\site-packages\aiogram\fsm\middleware.py", line 41, in __call__
    return await handler(event, data)
           ^^^^^^^^^^^^^^^^^^^^^^^^^^
  File "D:\programming\botvspcollege\.venv\Lib\site-packages\aiogram\dispatcher\event\telegram.py", line 121, in trigger
    return await wrapped_inner(event, kwargs)
           ^^^^^^^^^^^^^^^^^^^^^^^^^^^^^^^^^^
  File "D:\programming\botvspcollege\.venv\Lib\site-packages\aiogram\dispatcher\event\handler.py", line 43, in call
    return await wrapped()
           ^^^^^^^^^^^^^^^
  File "D:\programming\botvspcollege\.venv\Lib\site-packages\aiogram\dispatcher\dispatcher.py", line 276, in _listen_update
    return await self.propagate_event(update_type=update_type, event=event, **kwargs)
           ^^^^^^^^^^^^^^^^^^^^^^^^^^^^^^^^^^^^^^^^^^^^^^^^^^^^^^^^^^^^^^^^^^^^^^^^^^
  File "D:\programming\botvspcollege\.venv\Lib\site-packages\aiogram\dispatcher\router.py", line 128, in propagate_event
    return await observer.wrap_outer_middleware(_wrapped, event=event, data=kwargs)
           ^^^^^^^^^^^^^^^^^^^^^^^^^^^^^^^^^^^^^^^^^^^^^^^^^^^^^^^^^^^^^^^^^^^^^^^^
  File "D:\programming\botvspcollege\.venv\Lib\site-packages\aiogram\dispatcher\router.py", line 123, in _wrapped
    return await self._propagate_event(
           ^^^^^^^^^^^^^^^^^^^^^^^^^^^^
  File "D:\programming\botvspcollege\.venv\Lib\site-packages\aiogram\dispatcher\router.py", line 156, in _propagate_event
    response = await router.propagate_event(update_type=update_type, event=event, **kwargs)
               ^^^^^^^^^^^^^^^^^^^^^^^^^^^^^^^^^^^^^^^^^^^^^^^^^^^^^^^^^^^^^^^^^^^^^^^^^^^^
  File "D:\programming\botvspcollege\.venv\Lib\site-packages\aiogram\dispatcher\router.py", line 128, in propagate_event
    return await observer.wrap_outer_middleware(_wrapped, event=event, data=kwargs)
           ^^^^^^^^^^^^^^^^^^^^^^^^^^^^^^^^^^^^^^^^^^^^^^^^^^^^^^^^^^^^^^^^^^^^^^^^
  File "D:\programming\botvspcollege\.venv\Lib\site-packages\aiogram\dispatcher\router.py", line 123, in _wrapped
    return await self._propagate_event(
           ^^^^^^^^^^^^^^^^^^^^^^^^^^^^
  File "D:\programming\botvspcollege\.venv\Lib\site-packages\aiogram\dispatcher\router.py", line 148, in _propagate_event
    response = await observer.trigger(event, **kwargs)
               ^^^^^^^^^^^^^^^^^^^^^^^^^^^^^^^^^^^^^^^
  File "D:\programming\botvspcollege\.venv\Lib\site-packages\aiogram\dispatcher\event\telegram.py", line 121, in trigger
    return await wrapped_inner(event, kwargs)
           ^^^^^^^^^^^^^^^^^^^^^^^^^^^^^^^^^^
  File "D:\programming\botvspcollege\.venv\Lib\site-packages\aiogram\dispatcher\event\handler.py", line 43, in call
    return await wrapped()
           ^^^^^^^^^^^^^^^
  File "D:\programming\botvspcollege\handlers\help.py", line 33, in set_question
    question_db.addQuestion(question_id=quest_id, questioner_id=msg.from_user.id, text=data['text'])
  File "D:\programming\botvspcollege\vspDB\__init__.py", line 43, in addQuestion
    self.cur.execute("INSERT INTO questions (question_id, questioner_id, text) VALUES (?,?,?)", (question_id, questioner_id, text))
sqlite3.IntegrityError: UNIQUE constraint failed: questions.questioner_id
INFO:aiogram.event:Update id=922586419 is not handled. Duration 0 ms by bot id=6994528597
ERROR:aiogram.event:Cause exception while process update id=922586419 by bot id=6994528597
IntegrityError: UNIQUE constraint failed: questions.questioner_id
Traceback (most recent call last):
  File "D:\programming\botvspcollege\.venv\Lib\site-packages\aiogram\dispatcher\dispatcher.py", line 309, in _process_update
    response = await self.feed_update(bot, update, **kwargs)
               ^^^^^^^^^^^^^^^^^^^^^^^^^^^^^^^^^^^^^^^^^^^^^
  File "D:\programming\botvspcollege\.venv\Lib\site-packages\aiogram\dispatcher\dispatcher.py", line 158, in feed_update
    response = await self.update.wrap_outer_middleware(
               ^^^^^^^^^^^^^^^^^^^^^^^^^^^^^^^^^^^^^^^^
  File "D:\programming\botvspcollege\.venv\Lib\site-packages\aiogram\dispatcher\middlewares\error.py", line 25, in __call__
    return await handler(event, data)
           ^^^^^^^^^^^^^^^^^^^^^^^^^^
  File "D:\programming\botvspcollege\.venv\Lib\site-packages\aiogram\dispatcher\middlewares\user_context.py", line 27, in __call__
    return await handler(event, data)
           ^^^^^^^^^^^^^^^^^^^^^^^^^^
  File "D:\programming\botvspcollege\.venv\Lib\site-packages\aiogram\fsm\middleware.py", line 41, in __call__
    return await handler(event, data)
           ^^^^^^^^^^^^^^^^^^^^^^^^^^
  File "D:\programming\botvspcollege\.venv\Lib\site-packages\aiogram\dispatcher\event\telegram.py", line 121, in trigger
    return await wrapped_inner(event, kwargs)
           ^^^^^^^^^^^^^^^^^^^^^^^^^^^^^^^^^^
  File "D:\programming\botvspcollege\.venv\Lib\site-packages\aiogram\dispatcher\event\handler.py", line 43, in call
    return await wrapped()
           ^^^^^^^^^^^^^^^
  File "D:\programming\botvspcollege\.venv\Lib\site-packages\aiogram\dispatcher\dispatcher.py", line 276, in _listen_update
    return await self.propagate_event(update_type=update_type, event=event, **kwargs)
           ^^^^^^^^^^^^^^^^^^^^^^^^^^^^^^^^^^^^^^^^^^^^^^^^^^^^^^^^^^^^^^^^^^^^^^^^^^
  File "D:\programming\botvspcollege\.venv\Lib\site-packages\aiogram\dispatcher\router.py", line 128, in propagate_event
    return await observer.wrap_outer_middleware(_wrapped, event=event, data=kwargs)
           ^^^^^^^^^^^^^^^^^^^^^^^^^^^^^^^^^^^^^^^^^^^^^^^^^^^^^^^^^^^^^^^^^^^^^^^^
  File "D:\programming\botvspcollege\.venv\Lib\site-packages\aiogram\dispatcher\router.py", line 123, in _wrapped
    return await self._propagate_event(
           ^^^^^^^^^^^^^^^^^^^^^^^^^^^^
  File "D:\programming\botvspcollege\.venv\Lib\site-packages\aiogram\dispatcher\router.py", line 156, in _propagate_event
    response = await router.propagate_event(update_type=update_type, event=event, **kwargs)
               ^^^^^^^^^^^^^^^^^^^^^^^^^^^^^^^^^^^^^^^^^^^^^^^^^^^^^^^^^^^^^^^^^^^^^^^^^^^^
  File "D:\programming\botvspcollege\.venv\Lib\site-packages\aiogram\dispatcher\router.py", line 128, in propagate_event
    return await observer.wrap_outer_middleware(_wrapped, event=event, data=kwargs)
           ^^^^^^^^^^^^^^^^^^^^^^^^^^^^^^^^^^^^^^^^^^^^^^^^^^^^^^^^^^^^^^^^^^^^^^^^
  File "D:\programming\botvspcollege\.venv\Lib\site-packages\aiogram\dispatcher\router.py", line 123, in _wrapped
    return await self._propagate_event(
           ^^^^^^^^^^^^^^^^^^^^^^^^^^^^
  File "D:\programming\botvspcollege\.venv\Lib\site-packages\aiogram\dispatcher\router.py", line 148, in _propagate_event
    response = await observer.trigger(event, **kwargs)
               ^^^^^^^^^^^^^^^^^^^^^^^^^^^^^^^^^^^^^^^
  File "D:\programming\botvspcollege\.venv\Lib\site-packages\aiogram\dispatcher\event\telegram.py", line 121, in trigger
    return await wrapped_inner(event, kwargs)
           ^^^^^^^^^^^^^^^^^^^^^^^^^^^^^^^^^^
  File "D:\programming\botvspcollege\.venv\Lib\site-packages\aiogram\dispatcher\event\handler.py", line 43, in call
    return await wrapped()
           ^^^^^^^^^^^^^^^
  File "D:\programming\botvspcollege\handlers\help.py", line 33, in set_question
    question_db.addQuestion(question_id=quest_id, questioner_id=msg.from_user.id, text=data['text'])
  File "D:\programming\botvspcollege\vspDB\__init__.py", line 43, in addQuestion
    self.cur.execute("INSERT INTO questions (question_id, questioner_id, text) VALUES (?,?,?)", (question_id, questioner_id, text))
sqlite3.IntegrityError: UNIQUE constraint failed: questions.questioner_id
INFO:aiogram.dispatcher:Polling stopped
INFO:aiogram.dispatcher:Polling stopped for bot @vsptest_bot id=6994528597 - 'Тестовий Бот ВСП "Павлоградський фаховий коледж НТУ "ДП"'
DEBUG:asyncio:Using proactor: IocpProactor
INFO:aiogram.dispatcher:Start polling
INFO:aiogram.dispatcher:Run polling for bot @vsptest_bot id=6994528597 - 'Тестовий Бот ВСП "Павлоградський фаховий коледж НТУ "ДП"'
INFO:aiogram.event:Update id=922586420 is handled. Duration 250 ms by bot id=6994528597
INFO:aiogram.event:Update id=922586421 is handled. Duration 79 ms by bot id=6994528597
INFO:aiogram.dispatcher:Polling stopped
INFO:aiogram.dispatcher:Polling stopped for bot @vsptest_bot id=6994528597 - 'Тестовий Бот ВСП "Павлоградський фаховий коледж НТУ "ДП"'
DEBUG:asyncio:Using proactor: IocpProactor
INFO:aiogram.dispatcher:Start polling
INFO:aiogram.dispatcher:Run polling for bot @vsptest_bot id=6994528597 - 'Тестовий Бот ВСП "Павлоградський фаховий коледж НТУ "ДП"'
INFO:aiogram.event:Update id=922586422 is handled. Duration 266 ms by bot id=6994528597
INFO:aiogram.event:Update id=922586423 is handled. Duration 265 ms by bot id=6994528597
INFO:aiogram.event:Update id=922586424 is handled. Duration 188 ms by bot id=6994528597
INFO:aiogram.event:Update id=922586425 is handled. Duration 484 ms by bot id=6994528597
INFO:aiogram.dispatcher:Polling stopped
INFO:aiogram.dispatcher:Polling stopped for bot @vsptest_bot id=6994528597 - 'Тестовий Бот ВСП "Павлоградський фаховий коледж НТУ "ДП"'
ERROR:asyncio:Unclosed client session
client_session: <aiohttp.client.ClientSession object at 0x000002AC95EFA240>
ERROR:asyncio:Unclosed connector
connections: ['[(<aiohttp.client_proto.ResponseHandler object at 0x000002AC95E8F290>, 874742.562)]']
connector: <aiohttp.connector.TCPConnector object at 0x000002AC95EF9130>
DEBUG:asyncio:Using proactor: IocpProactor
INFO:aiogram.dispatcher:Start polling
INFO:aiogram.dispatcher:Run polling for bot @vsptest_bot id=6994528597 - 'Тестовий Бот ВСП "Павлоградський фаховий коледж НТУ "ДП"'
INFO:aiogram.event:Update id=922586426 is handled. Duration 250 ms by bot id=6994528597
INFO:aiogram.event:Update id=922586427 is handled. Duration 467 ms by bot id=6994528597
INFO:aiogram.dispatcher:Polling stopped
INFO:aiogram.dispatcher:Polling stopped for bot @vsptest_bot id=6994528597 - 'Тестовий Бот ВСП "Павлоградський фаховий коледж НТУ "ДП"'
ERROR:asyncio:Unclosed client session
client_session: <aiohttp.client.ClientSession object at 0x000002ABEA2AE3F0>
DEBUG:asyncio:Using proactor: IocpProactor
INFO:aiogram.dispatcher:Start polling
INFO:aiogram.dispatcher:Run polling for bot @vsptest_bot id=6994528597 - 'Тестовий Бот ВСП "Павлоградський фаховий коледж НТУ "ДП"'
INFO:aiogram.event:Update id=922586428 is handled. Duration 266 ms by bot id=6994528597
INFO:aiogram.event:Update id=922586429 is handled. Duration 297 ms by bot id=6994528597
INFO:aiogram.dispatcher:Polling stopped
INFO:aiogram.dispatcher:Polling stopped for bot @vsptest_bot id=6994528597 - 'Тестовий Бот ВСП "Павлоградський фаховий коледж НТУ "ДП"'
ERROR:asyncio:Unclosed client session
client_session: <aiohttp.client.ClientSession object at 0x0000013A44899190>
DEBUG:asyncio:Using proactor: IocpProactor
INFO:aiogram.dispatcher:Start polling
INFO:aiogram.dispatcher:Run polling for bot @vsptest_bot id=6994528597 - 'Тестовий Бот ВСП "Павлоградський фаховий коледж НТУ "ДП"'
INFO:aiogram.event:Update id=922586430 is handled. Duration 234 ms by bot id=6994528597
INFO:aiogram.event:Update id=922586431 is not handled. Duration 78 ms by bot id=6994528597
ERROR:aiogram.event:Cause exception while process update id=922586431 by bot id=6994528597
ValidationError: 4 validation errors for SendMessage
reply_markup.InlineKeyboardMarkup
  Input should be a valid dictionary or instance of InlineKeyboardMarkup [type=model_type, input_value=<aiogram.utils.keyboard.I...t at 0x00000213E8569250>, input_type=InlineKeyboardBuilder]
    For further information visit https://errors.pydantic.dev/2.5/v/model_type
reply_markup.ReplyKeyboardMarkup
  Input should be a valid dictionary or instance of ReplyKeyboardMarkup [type=model_type, input_value=<aiogram.utils.keyboard.I...t at 0x00000213E8569250>, input_type=InlineKeyboardBuilder]
    For further information visit https://errors.pydantic.dev/2.5/v/model_type
reply_markup.ReplyKeyboardRemove
  Input should be a valid dictionary or instance of ReplyKeyboardRemove [type=model_type, input_value=<aiogram.utils.keyboard.I...t at 0x00000213E8569250>, input_type=InlineKeyboardBuilder]
    For further information visit https://errors.pydantic.dev/2.5/v/model_type
reply_markup.ForceReply
  Input should be a valid dictionary or instance of ForceReply [type=model_type, input_value=<aiogram.utils.keyboard.I...t at 0x00000213E8569250>, input_type=InlineKeyboardBuilder]
    For further information visit https://errors.pydantic.dev/2.5/v/model_type
Traceback (most recent call last):
  File "D:\programming\botvspcollege\.venv\Lib\site-packages\aiogram\dispatcher\dispatcher.py", line 309, in _process_update
    response = await self.feed_update(bot, update, **kwargs)
               ^^^^^^^^^^^^^^^^^^^^^^^^^^^^^^^^^^^^^^^^^^^^^
  File "D:\programming\botvspcollege\.venv\Lib\site-packages\aiogram\dispatcher\dispatcher.py", line 158, in feed_update
    response = await self.update.wrap_outer_middleware(
               ^^^^^^^^^^^^^^^^^^^^^^^^^^^^^^^^^^^^^^^^
  File "D:\programming\botvspcollege\.venv\Lib\site-packages\aiogram\dispatcher\middlewares\error.py", line 25, in __call__
    return await handler(event, data)
           ^^^^^^^^^^^^^^^^^^^^^^^^^^
  File "D:\programming\botvspcollege\.venv\Lib\site-packages\aiogram\dispatcher\middlewares\user_context.py", line 27, in __call__
    return await handler(event, data)
           ^^^^^^^^^^^^^^^^^^^^^^^^^^
  File "D:\programming\botvspcollege\.venv\Lib\site-packages\aiogram\fsm\middleware.py", line 41, in __call__
    return await handler(event, data)
           ^^^^^^^^^^^^^^^^^^^^^^^^^^
  File "D:\programming\botvspcollege\.venv\Lib\site-packages\aiogram\dispatcher\event\telegram.py", line 121, in trigger
    return await wrapped_inner(event, kwargs)
           ^^^^^^^^^^^^^^^^^^^^^^^^^^^^^^^^^^
  File "D:\programming\botvspcollege\.venv\Lib\site-packages\aiogram\dispatcher\event\handler.py", line 43, in call
    return await wrapped()
           ^^^^^^^^^^^^^^^
  File "D:\programming\botvspcollege\.venv\Lib\site-packages\aiogram\dispatcher\dispatcher.py", line 276, in _listen_update
    return await self.propagate_event(update_type=update_type, event=event, **kwargs)
           ^^^^^^^^^^^^^^^^^^^^^^^^^^^^^^^^^^^^^^^^^^^^^^^^^^^^^^^^^^^^^^^^^^^^^^^^^^
  File "D:\programming\botvspcollege\.venv\Lib\site-packages\aiogram\dispatcher\router.py", line 128, in propagate_event
    return await observer.wrap_outer_middleware(_wrapped, event=event, data=kwargs)
           ^^^^^^^^^^^^^^^^^^^^^^^^^^^^^^^^^^^^^^^^^^^^^^^^^^^^^^^^^^^^^^^^^^^^^^^^
  File "D:\programming\botvspcollege\.venv\Lib\site-packages\aiogram\dispatcher\router.py", line 123, in _wrapped
    return await self._propagate_event(
           ^^^^^^^^^^^^^^^^^^^^^^^^^^^^
  File "D:\programming\botvspcollege\.venv\Lib\site-packages\aiogram\dispatcher\router.py", line 156, in _propagate_event
    response = await router.propagate_event(update_type=update_type, event=event, **kwargs)
               ^^^^^^^^^^^^^^^^^^^^^^^^^^^^^^^^^^^^^^^^^^^^^^^^^^^^^^^^^^^^^^^^^^^^^^^^^^^^
  File "D:\programming\botvspcollege\.venv\Lib\site-packages\aiogram\dispatcher\router.py", line 128, in propagate_event
    return await observer.wrap_outer_middleware(_wrapped, event=event, data=kwargs)
           ^^^^^^^^^^^^^^^^^^^^^^^^^^^^^^^^^^^^^^^^^^^^^^^^^^^^^^^^^^^^^^^^^^^^^^^^
  File "D:\programming\botvspcollege\.venv\Lib\site-packages\aiogram\dispatcher\router.py", line 123, in _wrapped
    return await self._propagate_event(
           ^^^^^^^^^^^^^^^^^^^^^^^^^^^^
  File "D:\programming\botvspcollege\.venv\Lib\site-packages\aiogram\dispatcher\router.py", line 148, in _propagate_event
    response = await observer.trigger(event, **kwargs)
               ^^^^^^^^^^^^^^^^^^^^^^^^^^^^^^^^^^^^^^^
  File "D:\programming\botvspcollege\.venv\Lib\site-packages\aiogram\dispatcher\event\telegram.py", line 121, in trigger
    return await wrapped_inner(event, kwargs)
           ^^^^^^^^^^^^^^^^^^^^^^^^^^^^^^^^^^
  File "D:\programming\botvspcollege\.venv\Lib\site-packages\aiogram\dispatcher\event\handler.py", line 43, in call
    return await wrapped()
           ^^^^^^^^^^^^^^^
  File "D:\programming\botvspcollege\handlers\help.py", line 41, in set_question
    await bot.send_message(
  File "D:\programming\botvspcollege\.venv\Lib\site-packages\aiogram\client\bot.py", line 2808, in send_message
    call = SendMessage(
           ^^^^^^^^^^^^
  File "D:\programming\botvspcollege\.venv\Lib\site-packages\pydantic\main.py", line 164, in __init__
    __pydantic_self__.__pydantic_validator__.validate_python(data, self_instance=__pydantic_self__)
pydantic_core._pydantic_core.ValidationError: 4 validation errors for SendMessage
reply_markup.InlineKeyboardMarkup
  Input should be a valid dictionary or instance of InlineKeyboardMarkup [type=model_type, input_value=<aiogram.utils.keyboard.I...t at 0x00000213E8569250>, input_type=InlineKeyboardBuilder]
    For further information visit https://errors.pydantic.dev/2.5/v/model_type
reply_markup.ReplyKeyboardMarkup
  Input should be a valid dictionary or instance of ReplyKeyboardMarkup [type=model_type, input_value=<aiogram.utils.keyboard.I...t at 0x00000213E8569250>, input_type=InlineKeyboardBuilder]
    For further information visit https://errors.pydantic.dev/2.5/v/model_type
reply_markup.ReplyKeyboardRemove
  Input should be a valid dictionary or instance of ReplyKeyboardRemove [type=model_type, input_value=<aiogram.utils.keyboard.I...t at 0x00000213E8569250>, input_type=InlineKeyboardBuilder]
    For further information visit https://errors.pydantic.dev/2.5/v/model_type
reply_markup.ForceReply
  Input should be a valid dictionary or instance of ForceReply [type=model_type, input_value=<aiogram.utils.keyboard.I...t at 0x00000213E8569250>, input_type=InlineKeyboardBuilder]
    For further information visit https://errors.pydantic.dev/2.5/v/model_type
INFO:aiogram.dispatcher:Polling stopped
INFO:aiogram.dispatcher:Polling stopped for bot @vsptest_bot id=6994528597 - 'Тестовий Бот ВСП "Павлоградський фаховий коледж НТУ "ДП"'
DEBUG:asyncio:Using proactor: IocpProactor
INFO:aiogram.dispatcher:Start polling
INFO:aiogram.dispatcher:Run polling for bot @vsptest_bot id=6994528597 - 'Тестовий Бот ВСП "Павлоградський фаховий коледж НТУ "ДП"'
INFO:aiogram.event:Update id=922586432 is handled. Duration 266 ms by bot id=6994528597
INFO:aiogram.event:Update id=922586433 is handled. Duration 280 ms by bot id=6994528597
INFO:aiogram.dispatcher:Polling stopped
INFO:aiogram.dispatcher:Polling stopped for bot @vsptest_bot id=6994528597 - 'Тестовий Бот ВСП "Павлоградський фаховий коледж НТУ "ДП"'
ERROR:asyncio:Unclosed client session
client_session: <aiohttp.client.ClientSession object at 0x0000019FCD969670>
